2170405
962746988
88748677
364224669
182077418
1261509234
597568682
270049213
349117784
151485004
740416501
826147021
19685768
426526994
591046615
74650771
632612393
516485511
215954612
204594401
102694081
52934241
668692915
26334539
274404298
6407809
89898997
172319213
668453233
570096816
479866034
90254788
18341183
482933
10909047
51354615
396797079
186139475
318956447
320051591
41199166
280067378
412446864
520020054
752848470
131942066
16530225
692370905
323082753
118537907
35667085
147787714
51279431
116314533
1382578350
486717152
151046375
1700074687
486556082
236321755
103896657
410880673
148824097
108268020
475317647
578461716
482358530
155902837
116083280
613161
365711619
164339122
662585737
154193716
671648738
42085002
415798438
57245839
12595071
133902044
153986262
112944318
898442689
28239159
762392851
73078041
251934227
503802423
831346804
92584974
597899806
552956973
65388805
555140010
7222470
295206437
360731517
635929788
938795889
207049454
372731733
329262911
28312612
11217538
62819983
84162502
1673791257
4614242
5651368
71014830
1289146313
2794325
165368010
937393830
510125792
29949009
118314243
12837040
1389010268
242747895
91127821
93301979
861067604
379283457
252821823
312773380
54909721
27991450
4144296
481752122
356899011
158652864
371464777
1143798232
1015952
749049404
103495849
503492595
310183703
432897237
434831737
179032811
325132472
397983281
339166003
1398225576
135513151
242456104
58566824
89801730
125754377
523979310
343777668
520392294
517606132
200130266
221874530
36771634
681876130
344378191
721570507
30094085
527093649
216264461
2729761
137908271
457665973
1157803015
566972941
1046379388
474615400
132386429
36713841
1068102802
434373035
617573175
1179654683
564207511
845035438
93099142
46719786
237436541
232848999
508611773
102703035
465705574
416363403
51721199
378263743
467966454
366304723
26656505
305718146
164129241
14084573
75746336
12993652
14543329
47661174
525083550
510457572
1908853315
19095136
41392920
437951290
179177119
5187564
208453619
95156342
79289899
1338139125
565566276
41324104
601430760
147424197
217130182
42068435
304900779
72394984
377487875
400625647
66570097
5570637
180781613
313131923
108736743
546089977
119734064
257119574
209845318
45304117
750220155
85309325
4167805
173090445
484366425
218286174
88017879
244744102
63445497
471706301
20382793
143330485
630896937
249726611
102718644
1221741895
73954355
121521114
101653869
77417437
18530247
991418965
240502839
266671715
45617580
1298245419
642062156
214921857
979210312
126058560
6708037
553303106
501550185
8445246
10869892
510213062
770396280
325966803
620871689
172140402
1111623065
92423174
242725978
48921396
622214008
1331048593
587755383
690608429
331718266
867728201
89269155
22787599
80969865
41017956
79640455
308216863
50721404
757275447
542609580
417721419
319993292
1225641224
28275649
323734253
1068320930
614236547
1075894971
28117187
393912608
700935176
261022715
472122098
852436700
725398151
20740996
20948536
613897675
448071413
290583419
258713931
168681260
438041969
36973238
44150131
252561755
70767063
209496102
336688573
342684361
253947368
217280353
84554368
102234509
260709772
249551796
32168344
392769362
216943338
26570936
182651911
294795691
127413317
249242576
99895853
9584122
156342539
562771427
55044468
325602397
729412053
516137865
192215291
700662808
370385133
240339690
174213370
172339465
319012492
510724312
10037326
289952610
22995122
238364443
180827871
583457883
27544164
66054398
994742591
67161059
670057409
16239291
65664738
243709091
139060461
317785
188250677
148517869
736005052
817917658
117617921
7766116
5749122
518684100
405172763
201200167
704064557
12598464
832683809
1665025170
389037589
527990951
1884667
70190480
120919833
167697987
1323703
205595462
394372335
101547784
819484314
103482889
42189641
3194593
150842311
263455511
7356237
28516358
99159150
311695553
1309704997
928641803
174956420
55511390
43697498
245170550
156906183
243403802
200130711
4593375
140034637
98083424
21850984
111101655
1093433281
152378008
521772400
116024127
415086451
224428120
972653797
631183997
360276445
882380153
406299424
325157440
28689622
3780586
589474424
86028913
20224061
275194855
10237669
169364214
83974744
368942606
186329859
1328380807
86182548
153152530
402382489
98789711
837944881
192649968
34361199
244320627
66693806
159659844
1338104270
19774178
498118831
115919345
398104558
12041209
356002782
163596351
338872979
979612285
117110180
242094727
36200
846153813
437482858
453596114
281832486
24339728
74430537
578295771
59188145
16716577
1684030831
84720199
211395645
435193196
211878214
459971885
68368698
280057327
156805492
56290132
797736654
14968367
361043562
650836580
707941165
1202858829
226169539
461134381
37599316
21600409
27149018
148347558
63835343
598301049
47063593
42087923
1646251082
339893670
99111545
213136071
71783198
303794464
4137438
7411473
815983935
471929903
810741935
90176787
182106272
111680423
216075975
102702691
8141182
733281868
91974372
38031075
16556942
394214088
763564119
216727913
1279231468
857127900
1594951696
291764302
329721174
355738281
546714179
540687772
683865702
170868214
38991071
315553616
6621757
16692677
28174209
38787786
386684849
90478029
1406596917
31212753
979881473
496661546
290409969
569816667
194724858
74797198
40268578
55491882
770913327
67494963
23792398
574801977
73831016
85209321
286337412
681027605
531805599
364149369
165307196
658921583
100889510
1058559877
107580343
221198601
2499416
76017354
121324306
796514886
91443620
209176481
206485351
207998484
147215581
164032668
198255028
57012748
79125361
17046737
35482918
326662342
379479292
102567058
239364837
15200513
272298709
77246852
6204086
9450016
385304811
68841520
365693483
3856049
374263732
575646768
475509815
549739775
3172256
42782097
502790153
485773396
601137807
55241362
631871815
59159920
40397085
527819008
209459826
494025226
379989716
534299217
290534711
724966165
528150788
366207470
564852562
222772022
308053359
614326225
7962583
17172199
382631253
321547753
437033408
1314271949
449110518
165787463
40711567
28908176
501023213
1016704764
598436985
1728427183
93798957
126380917
98783413
109927173
807184790
115693718
5789293
325159558
4621227
280723859
307337984
467440538
114494582
14909252
666255181
540121320
215178668
418700332
41945646
68947481
108699993
299977943
302857025
331505156
176722136
447838519
374142620
209675421
841082911
22828695
442007624
516413694
402952470
653575227
52829687
19956703
584455108
189473001
125238983
1293559518
53937694
1737319995
784650451
411226478
228334719
341797365
949571838
11801608
508218097
561751661
93728632
693234666
615332459
695536225
81589164
591653898
847704538
220763335
253231968
353931894
691122632
115989028
156058716
144115725
6947966
450465078
223544154
94293010
718009455
197472311
802614793
129285080
8329904
152268478
91712619
106527276
444524670
10235036
194965028
910070770
575977785
300747011
531494422
126510785
433381832
14102386
52912684
77701662
999854912
216356788
146575959
921260
228261898
452899090
164929450
514511175
2031886506
577783588
101789823
65322823
566796184
361388242
161874430
258410143
193539254
626284778
53203489
302736839
49806549
769109590
8904277
12537616
1016611657
513851227
63682263
67175710
18600651
3047680
333498402
291654206
694810695
85382242
543994004
80520934
75706672
44644011
324954526
549856990
1632430806
97919896
46809830
75028701
440727143
22173581
282303652
1593050139
241222668
492643212
123264632
1657333411
46799903
91442623
103040945
58500739
176001130
79331245
192435023
54863687
4265236
524744278
573112717
516897616
134186217
455437894
140637432
1729066477
162712455
74658149
19651196
57354526
921960099
36736191
7047996
804417711
100528977
24090112
935767570
436311923
609382485
274696561
1098570849
955011799
303278659
817063121
50210293
41120436
8332723
71036812
919651341
196329968
101165156
114551419
701687359
523470176
22753537
180035078
433870107
4246504
499468167
94726163
105303933
4309677
424320289
683197274
278434284
474487906
186290407
148126634
61568844
471412679
90619286
23638059
379983238
342976105
587106960
161248983
14448370
321972933
516173008
130365546
699105070
451139607
4593626
176781082
455908181
353832681
177682062
311466562
38591832
583226253
799477599
353825056
477374184
78137819
839691908
429950882
522073124
252470130
407122267
477303227
12420200
8723428
1411726608
539297047
154467283
1026937700
17700075
483845969
13840878
288368025
36512831
51563932
167914153
256682084
2014974137
469707977
60352678
165086468
69117377
266956807
460469173
204485107
59816246
159281228
619985609
199509996
246270731
431225944
121873419
37896608
971944
653810323
249084829
27174672
22273168
1545625458
126364137
13842860
271341742
318853550
835695901
799834643
311966035
463021562
838300025
1173070209
98261524
162219904
230275295
7287820
158233499
333699385
183073249
112996887
129928572
176678685
195075635
238654062
39541018
230298590
30517228
71595128
509191931
207165591
92707819
478420308
119081958
648585177
187259804
596658329
25642412
125288147
54597846
171173847
105148687
24754833
44521375
188539808
14015507
184679970
24473551
153361309
323188345
26595181
86783378
46919678
99139723
542992047
83558269
5244861
71290497
53666995
454250919
137193713
332186401
331611691
205852019
1108747451
522142344
49594067
375493481
95118127
23826982
680743119
13862374
16085918
391988944
409968216
113913715
129560277
659747996
265465547
90701896
380281247
554317032
208039725
40727294
46637581
1424002239
200172590
178697153
314135894
716777552
582291710
169687378
886835975
144154437
957001196
71764850
208227603
481092377
455296907
564898311
20384299
24759665
965298977
32520464
2371950
