2
323
102
63
21
68
82
21
9
21
53
3
106
68
0
138
19
105
53
9
261
4
154
41
14
285
25
11
63
71
103
167
29
23
36
101
236
16
190
143
145
45
117
49
157
6
150
57
63
91
83
114
9
64
58
2
57
141
27
79
44
0
49
2
4
13
76
61
213
82
224
64
3
67
2
2
0
8
120
55
8
260
6
1
1
20
55
18
4
48
235
12
15
31
74
78
11
41
60
518
17
117
14
24
8
29
2
69
18
0
5
130
5
16
8
24
41
31
8
42
44
8
96
30
155
155
9
19
753
3
29
84
72
391
12
2
3
1
7
220
18
419
85
32
6
55
116
42
18
18
13
29
59
3
32
12
27
25
39
3
72
22
23
17
43
51
67
19
9
40
20
327
24
35
296
20
2
60
320
5
106
674
107
29
58
222
49
10
0
71
4
88
141
14
6
143
7
18
65
17
76
16
128
3
82
21
9
166
24
7
4
47
53
42
78
18
200
87
3
29
261
68
10
179
25
99
185
11
216
423
5
13
10
56
17
66
9
44
58
23
59
25
71
85
7
152
18
35
56
586
5
22
15
15
70
143
36
10
36
285
45
59
37
8
3
7
86
47
28
10
39
38
37
63
58
55
6
30
119
16
6
12
313
15
37
57
54
49
18
30
8
129
12
9
12
97
124
11
59
81
173
86
3
101
1
18
83
24
74
13
14
72
6
95
28
15
33
27
3
22
11
86
37
96
2
515
138
3
53
21
11
19
91
13
210
2
106
143
114
240
190
94
82
99
1
95
260
1
39
29
85
69
148
3
45
30
11
78
84
307
26
10
279
29
5
21
332
30
21
20
2
710
24
66
8
181
23
228
14
5
50
302
53
145
80
164
2
53
89
88
2
0
6
101
13
24
27
134
20
126
83
10
160
4
71
26
47
3
179
14
86
121
73
6
15
130
27
75
199
50
6
63
57
21
23
36
188
58
117
20
37
85
24
25
9
21
235
46
31
4
140
3
65
54
2
236
2
6
153
6
2
7
19
29
887
2
235
8
4
15
2
39
1
343
316
24
23
0
3
7
6
69
226
41
4
5
3
95
129
22
2
16
1
133
275
10
176
224
247
3
12
94
180
4
163
12
44
124
20
157
24
295
73
56
46
5
64
11
2
32
5
40
26
9
262
8
41
8
35
3
5
28
60
268
46
45
71
4
90
23
362
123
58
70
14
19
69
23
53
21
70
282
9
0
3
22
125
278
61
108
6
77
75
7
141
45
6
256
181
39
16
34
116
24
38
47
32
34
11
442
408
26
15
28
4
73
260
20
24
48
13
40
11
3
21
133
14
55
222
32
42
55
16
14
409
106
74
52
196
275
2
6
178
58
113
23
40
2
15
3
58
99
641
169
3
99
10
67
4
217
2
178
16
102
70
153
28
33
171
43
157
15
60
53
37
32
44
30
15
65
54
6
8
89
54
5
6
119
4
43
197
12
136
37
7
171
186
57
147
53
37
21
358
153
329
16
197
8
201
25
188
9
50
17
152
3
87
50
27
33
11
14
72
24
5
10
109
4
19
565
15
13
44
4
1
20
244
57
2
41
80
10
26
44
18
13
2
43
54
29
32
121
43
37
18
43
29
66
44
4
67
7
19
154
10
134
3
5
63
159
24
8
33
30
49
4
17
89
39
9
7
12
43
1
2
28
31
180
23
21
95
61
6
37
95
232
14
91
8
114
184
4
2
19
436
44
212
317
16
73
7
53
72
181
144
44
180
20
3
20
39
313
30
2
7
116
4
208
36
38
3
15
65
11
244
41
96
27
87
17
26
4
11
8
4
192
2
149
78
67
23
43
11
69
61
30
30
12
61
23
15
689
49
89
34
106
5
37
2
296
457
3
96
95
20
13
45
45
87
86
48
18
90
35
20
113
51
84
10
28
25
55
102
33
146
7
11
32
65
18
15
301
25
36
2
36
72
281
3
60
45
68
41
142
99
27
13
1
20
158
19
15
40
15
45
144
22
96
3
33
6
50
28
201
4
2
7
58
61
30
6
72
12
26
145
471
482
2
381
32
7
368
3
91
237
69
140
102
152
94
14
123
5
18
42
14
129
0
240
28
7
4
15
21
60
26
48
1
9
18
42
51
24
266
176
9
54
79
341
169
35
85
183
98
19
26
386
101
91
22
298
30
125
79
82
0
31
24
25
117
13
54
283
162
7
103
122
641
14
65
106
69
16
2
39
2
26
3
23
7
112
37
65
25
24
24
5
71
220
72
