450074981
242136208
183072713
25501025
353774958
10770813
105688558
466073145
275340751
212259113
230876700
1575058836
175118386
42901325
177488017
43074544
555387765
723839585
161229732
178960741
9050678
403184765
219853929
423780123
597179565
15927017
900808458
32288797
244569689
53798342
222551667
22659365
582216155
1017943705
808667975
291265719
75860261
369692620
20171048
673403598
311386225
125950140
570956470
588062260
878750663
247617826
95891788
88979247
142822
828659653
507057955
133842173
187434060
75804773
142193808
166970197
288133844
35328071
17395741
607576372
55333180
51782947
236792997
166574447
208370291
1692442
853135744
336869905
152682174
845687441
244915589
141941163
44499739
1755693217
28221643
65208112
15370585
212601407
9943149
406040097
572194782
7564415
77102871
297252769
91446785
776327520
152017234
89227743
113529133
235549544
15337791
255321785
736914643
479455549
581328281
440274491
200409939
26759559
1290618707
14097725
294790671
271439818
412024060
83976191
184046004
858754138
689390620
123276244
1010755968
52960964
510742070
4093681
68088887
487632638
315130422
385063275
564197327
553960921
377301126
96242863
166166625
797685534
217395217
24871181
273622216
1481561174
79813244
13119377
632763740
255472182
50994484
364129806
159703981
1116284764
245384947
474596084
37016419
131091236
235195461
167680346
65639684
219187096
26095605
268525885
276564732
1701822113
278674406
400278902
227003173
232296488
1531230088
511004197
170347608
124034771
170768503
723293559
155090074
438918303
136571890
19017299
87002651
606584313
527204545
166689645
287927124
48448586
3263704
219406581
353437008
15564287
282596642
163792047
421937265
253971339
314027049
28411055
33771134
269713211
571856328
1126380708
3135263
1112908503
904968485
389710090
190009538
829193832
304772828
141241477
301646334
84789063
203240455
18839752
528416594
398384167
16994416
58854390
12197270
171255526
95669031
117135854
279220206
89330607
226013191
83739448
107237799
124253473
399257623
684806633
328791053
13843061
491779670
7360062
524605740
5241687
404170438
7951576
194795809
5593186
305596689
471284268
155402727
15344994
530336221
306133202
105704369
294806648
61108172
250752243
77560360
182438974
544033748
1231539821
737726808
550644188
109515199
455823025
505182419
418578362
99160733
464626580
100988637
305718317
486716119
262523727
12658906
465248459
645302189
193759257
285537299
31889604
84099953
113572325
296464966
9835443
905798314
239640443
344891426
611315806
566939915
501999010
35971853
87770207
114465743
891663661
467750668
59082382
22818321
249432387
455325568
74834935
59978836
62208197
20202729
3262098
245709401
246235972
849052902
184801436
31259416
30790672
214589011
631008254
66553459
455874223
217507182
30097963
453607160
279941785
385872027
1097308236
68013549
28999298
281377727
286596564
438422145
1106230656
517457961
742685868
356357727
698275202
84829180
340772696
49098426
279369291
118645676
275551072
60835787
379724531
5866499
369612508
4193878
789494943
604540174
406105424
312364229
177317153
111792676
81114353
54601523
691627570
382251412
186244148
41963345
11406471
118464931
236620743
144807048
756139949
120127144
11387030
111022277
331842208
268684375
62688036
866985729
363534941
382997922
392884832
260248155
285759095
346504959
344529275
9599009
647520815
753871880
700310425
713352591
16420945
427778146
268317775
277883923
741899542
354466732
177294135
472701631
367894201
74988414
481304576
386588175
305997603
234812357
38906110
154088566
16399682
2011946
703473947
802983757
126342798
720675931
194391810
663455532
1303810072
390217835
557498771
274153516
52436919
379589288
285732992
257025811
273612501
1690198757
581935348
250422494
1163912580
468534732
67115694
58936474
53403658
546559164
555857791
20256906
228362714
1594822104
348568907
138153105
170368041
115650802
1016104485
258709461
21042010
129146283
299470186
59103973
229883266
942847
958826316
451683148
104753039
1807719351
22954760
195363658
518157760
407511344
32360951
223174301
139362959
595971832
14985149
326401306
737925378
340443933
752768224
221447289
19250269
191874421
35903706
470237388
678693288
426669425
602852070
13505262
248154664
121260242
459069979
220563339
724204049
415001576
42073970
421046976
315900747
4749552
150241849
373969687
666103635
151040211
28885785
247337107
463914431
98883998
797547855
1002255778
31892042
146543701
21748168
716800979
324961723
18417446
102240685
44785642
154842589
848727496
606211159
220320508
119398034
557974600
387040841
109901928
703186040
238788634
455156533
229871303
580019060
293710983
1355905713
120927066
272698964
337418937
226582067
1146488
91130169
40391585
221430315
500470952
164872858
205046149
602164470
6498546
145925621
802729950
251977189
993309165
1201657182
1652213834
241147218
553585391
754707230
704652545
62655431
107334330
56785730
630790844
1561314699
50441144
171507170
152857562
30837167
88832135
483399893
5646406
371837231
907778695
53570912
82789353
138728895
900612828
15795414
290581078
39271813
109902829
190770675
2327659
768048872
33773114
211289295
653970145
368402703
108077683
591811317
38315042
1521334552
61490982
716365615
71180917
61353427
527264313
271182981
93831649
579995751
547295936
76799994
477437430
212218655
110881218
61775660
128399843
342357594
263989476
561644316
159157731
128768323
503798099
285499484
253670221
69217244
621101593
513876274
225660510
832525175
359724856
173817857
1133226753
276163818
441030489
2717673
31824508
331285938
198650827
161714375
96447149
473293951
1128661634
141759936
378996799
85507466
19767097
210702773
173940593
1273171143
247879368
129910803
31055190
7783247
77813626
169057532
377234660
143151966
73457369
958302490
330738382
722645867
4552848
15147583
111558413
194427038
93012015
310835233
1133698336
66980809
321447177
187957420
97880236
38739356
332024202
662826665
127285996
134454155
1209424416
211045780
136493096
62110801
19901424
634003515
814873537
909975611
66851217
92987640
102318684
105527442
113397334
39017463
858565344
80511648
143161266
215573924
123490037
125626966
324927447
227900242
7429541
302235301
172102333
78263560
531891275
131327849
103065458
244393766
43505595
226347429
124120312
44389522
866333928
418177925
1389872008
39339010
490591904
1165173873
336085311
520515019
60067948
165091353
33119230
318383047
201160314
222013602
69717637
418422005
444262339
311817599
98206570
42544228
110258981
630014420
87160822
27629539
1184545833
118667232
806463271
20278981
857252412
212463300
44426010
81722787
799614763
335862670
46979523
300723873
18214241
726892283
433480057
224665736
599713443
144550396
236171932
699976503
281909906
219364846
43932074
522083623
6704018
504315203
310039336
106346558
1483185016
98115618
15023638
327568022
3098408
432326923
163184649
179279628
147673805
287978164
993882950
433208534
8467604
964984061
673784415
519666043
509240289
24499351
20282805
338665514
176229892
800795117
530706603
662463578
287272025
521119938
43672651
718707509
624141018
206528524
72099974
44633982
563204865
917195859
198782073
946485958
49443490
100667776
408561520
477882318
22257978
611313882
476333948
195403869
53136708
28754600
4409751
56858312
470753013
584890907
606712193
64733332
392001984
24133547
528364471
560798822
67891811
138949147
978402967
75822577
185809706
816793119
1014229965
103787589
71380412
51090964
347737029
253065081
94082107
570356555
389679784
5739380
409885055
374273314
278140404
2456752
134321423
247603376
160276199
833694182
546481727
325833454
1389505
561981929
574369460
447795000
24073716
1000107789
153988623
59298381
131226130
250051284
662633953
198780443
453904335
477737223
29192206
288226307
335197653
5675029
241018437
114833126
113220899
155897127
175776090
19766340
413833543
809541378
561753885
27765472
23443677
575874114
451264067
417535083
814901266
22474314
15350250
370186343
230754864
452115720
246433504
516348877
966508102
198868531
158338182
293987389
91267575
14768839
220406325
373054388
698496067
165473890
349364291
21570244
120048444
354705682
55439874
572188527
343531046
53523018
689328565
268113171
577290977
411791624
33956712
105526666
846232658
93392905
37712489
111148627
212718233
319656148
197183981
482575121
450642871
635256281
646803106
1138470105
195439005
1355941858
330219387
14142207
83996713
22350699
4347
457384265
467054763
717595838
554347916
348279712
19624744
751411569
355797425
577114036
215452807
581105463
173556583
259594516
92961192
529030384
25544407
355916783
205044972
516146420
981698318
440498795
91291734
234614557
735942608
144741957
317550089
56632391
7027439
42646494
368046262
465740892
6168564
1159213439
16706504
187924550
292004358
72662935
71181881
2480472
237911413
66094011
94085893
30489244
276914563
29899509
217373892
65603992
447238447
57268892
13047658
163843760
1742609
4822530
666151014
1617257204
166805531
392737137
533836262
845508238
469069381
1025491498
589409411
234412183
23066527
244515479
395653642
764237381
99047023
407723558
284404554
39845675
59695344
658484194
25430808
265597704
308058046
367350514
52110353
2802291
488331936
315185334
711481643
101372428
117219742
645711888
162236644
285218611
48907166
131472287
24113910
250130639
54631033
285375322
65301434
511202275
16354363
51438736
203102460
197626775
14387454
152212595
141656834
26907878
443006974
54346529
94764434
189716844
154191280
1101788578
177087515
364834012
903429592
9942555
153883751
501341822
1475127599
486357068
212602220
712780159
197080367
45342376
352177871
49588197
1478167643
286924688
272694778
320074566
164794740
317762157
554428584
243378928
138950877
16722613
29944342
35473479
433577443
44656963
36322643
34199281
191301447
220676614
231117867
420368506
