659180721
834140299
441943424
163321257
423305605
157625164
278045838
276441995
627398313
95802751
308283287
62490934
674625209
1020963639
529975505
42832021
1028077934
186693932
82734898
10467907
78427679
410329672
395143385
74075205
144438852
158343717
788301625
118033190
12629790
311525
34900225
679901843
893637355
356251185
454132167
14366586
733937156
123718847
1010637227
541303770
421775227
21896582
1357520
628837812
420389710
1122195334
104669399
296070333
199437685
1131747553
1286776024
407728159
100848271
712209126
632576779
603640303
237048181
34712531
211981418
189827859
35060609
180860132
458636099
23848306
315502508
324245209
326880357
54223416
212442831
598906309
146216970
51800426
131395299
22830722
105009507
577325342
246549997
25868527
996315130
371037456
354380374
86877609
16744988
44938749
1095552653
20458724
94707032
223152663
192712963
1536480729
822185059
137523953
1254977579
341899079
66118615
587166161
44833651
1005189676
23046319
169053359
9688568
328996712
82013204
73472560
55810375
482227985
157389712
185863857
1179133054
622816223
482859922
336320419
376928741
130877860
722549472
288497318
302033092
1435426
89279466
442087945
698315127
52385021
506235114
573428472
812425663
488899357
798969443
7454882
454730689
504988468
337622228
1145499221
300947803
12836849
248821
268711712
80246661
183807815
284134956
1255777386
219942367
292228502
1292464399
1107602346
359614326
625817801
64885793
97157989
46863149
837639848
401151242
980011146
154323435
327217801
468425520
91005398
41876600
149714156
328391704
161251920
784450445
373658666
43461087
72646067
40218970
182887886
192336136
254614531
201336445
393729719
1058993652
244683631
212642002
106775908
3008287
104677955
371143123
2275085
203527883
411761296
2014039771
28515647
52589731
1106256859
636383907
71912400
355918135
493100296
435617920
33717685
537416220
510131392
195514422
9563783
208262976
43261938
78304202
113816461
145170143
363625833
445330944
8912097
79445424
121258214
124718150
56895245
14240722
73172260
57235388
54968400
8693866
56899883
10846950
165666932
319373661
126590214
423998631
2613838
128024129
67884588
299741240
960140983
520253512
562562834
226689170
74593194
292714173
259317210
991975746
93974958
47647693
766430345
65124123
149016230
488333747
697826561
296506850
648935253
75886590
396023441
87747862
473936092
551470687
177412873
38463803
34979506
374170757
44774337
692343025
356040299
1142242549
1173405457
395385844
36982556
22050731
355107494
1052423105
63382478
655799597
708508832
5524256
57300856
868417013
55157290
14475257
2137155770
35154049
61215636
131626481
255159433
689416151
316642915
1946557180
170127976
154255870
113592099
20529604
14509882
329841761
80558919
523306855
17475339
397641458
284123852
1062772850
30232981
436488631
147279508
211053722
479476115
1858374
281948457
29087170
448351364
809733077
182095056
320798543
21956222
177988098
58236115
173654393
13808079
414162139
292865015
460222864
225946794
347364732
13419197
639233743
331963113
11761768
345352862
474039234
1242896323
318815002
368836104
463141403
321453320
440878
780487806
366958
108485697
1575655195
332954423
292436244
76643076
283537752
27641743
243651696
899257229
429095989
381882830
95440365
435062265
831479379
114313349
16564790
626200627
91349111
156439259
153334201
77427646
21046471
4370963
449965649
597796089
38353745
632565033
245897379
544182459
277909922
159168351
56474231
354079773
524406321
82762843
80633851
223293637
732145898
60708720
388338539
31795277
36788378
124872040
241701731
10040598
52564285
8278304
364269763
524832657
225607389
504289715
395327015
6442220
644244877
406082096
38381226
9595303
540993794
406759061
35935611
80337955
25825495
116933471
1189009985
207791034
109659045
315217034
216102691
781048061
1396642506
1129890433
65477623
39372391
376325156
1024486977
161116388
482474498
107140004
120745288
920474473
552641172
390223840
428727614
269260
34755462
23006023
256448650
685482042
745192666
1252356529
1373614
347273644
2600970
187210386
370244072
299101331
295179336
134890723
727182895
2265116
32206314
433886013
775726443
190647057
31209932
156077630
268984434
60087603
554081644
99510287
1330110145
208308416
126511264
55905097
371194224
385721457
60938600
659100932
1752069960
362182115
361415196
603582878
123618814
712592581
86387388
182514108
275156963
100201986
309650325
322153789
775196069
364667568
474638408
425886411
144109217
697359548
239877738
311271343
71611074
20278063
606602839
54645631
21001354
307214784
87159869
461665344
367751059
110003762
843181954
963790212
4673606
157000575
21196977
937610954
299948670
63481479
107714905
603145738
194510585
257178511
253865396
325776233
84325146
522333482
652788800
40742241
39549397
266692986
543154424
19127989
209497081
193562358
134034250
696395415
97576192
744739956
377215865
174491471
1029682625
1936567602
234464443
409984113
302598908
874663279
93843801
248853965
966296451
861099373
13098043
624524355
302979901
527789810
575657072
72130009
2281788
45445790
105772934
5267373
352563037
182900488
103525920
308626088
529611777
3334541
5317880
230638181
415993925
528236862
92556641
794269117
3386935
139436947
163653363
23947603
1029696546
77872111
7770022
90310731
342303860
989981527
123053279
1296945991
483462282
250353623
253172722
327354828
168356036
19184653
74855035
129099010
195578364
408927806
9987307
1911969442
99194659
22025049
56200435
555019662
1291476792
384850317
63087814
20903711
337519599
500505254
3141928
1290666939
320810560
24754470
512762108
132978661
722766552
556277915
337993883
354186964
175259428
805198019
190819370
879484946
193582314
323755601
1465971170
68269355
114378328
544978486
358141933
860205311
1589269
475070260
958365875
218080043
97804743
106061457
16429265
202778786
1654352328
350531263
449797680
480290145
56360868
59806406
118019801
117350478
15829411
763305165
61675346
42289482
176115686
137946081
75389789
535233244
416128412
528558849
137965062
684193802
82596304
24454056
12961565
447579783
907952449
402079899
117847397
171705673
286593475
292639177
157247346
243979267
987350365
127350943
138361142
121562165
323868634
33265229
549807313
360708235
6988479
683789508
615309573
141844483
525230441
1266832928
33201822
1013594915
254491017
310029763
898710502
121175451
118633454
442155598
903623296
34864953
187724163
549228827
76550794
410185953
75905948
90031467
553748097
149625207
1095841214
11640428
472492255
924116
483918447
26643544
132743134
625586040
170397960
444704867
49523935
88022823
29864157
90317349
204437331
1218281165
419346936
55287637
275448861
139534748
41367859
48745518
606653119
321611981
27117515
404874551
268009359
439381326
512358980
716750148
622617772
584473267
326362358
575127726
225340499
10301267
7354415
156256425
597395580
383605137
111710242
159806716
1054945405
121528428
322216100
192335705
851043950
416500039
31715814
126862179
206539622
665664022
33123972
1068948844
1278277214
55585813
137595885
713814714
68880292
387139501
189968476
163526704
104987114
2997628
67100132
1097271426
121056467
289760775
89850503
306186276
121681513
778515
212633932
21053565
741837581
49327094
131964380
80763753
58899764
12103716
1840810
650780149
132859731
511446474
122120288
106289822
423491731
851702913
944333349
448971957
795045944
340535939
58205501
49052747
465863978
538588967
185238763
360825626
8553264
500308604
1582346
76610498
93015234
283559944
50953661
301896364
243779125
304931884
107698669
647704377
462299033
167004479
209183873
633516093
208188591
1534330
84262274
51612585
39403037
651891869
48837902
110649466
179463556
365212984
490092679
542675930
205419227
42287120
218656347
350158248
47118911
374909535
111114919
242784746
119241640
7298728
895073299
792502091
1434952691
412601511
174320833
864899376
10734781
304909913
5899530
1082540267
40047282
332982206
237425761
5079619
98550187
271905526
229151861
1109500620
2872322
399858358
292714962
1043871654
2880925
200646972
606931628
204702840
74752296
5845619
408789226
642962339
505999388
37346692
75837548
25636358
625619868
19017879
117151526
1950953235
53639620
418258981
204741526
797523437
19310501
119695902
740346283
306487502
236452393
617504727
188002992
402668798
315033731
1057716593
755349208
93251965
1961496149
259489885
73562112
835884822
46207778
24254594
591362684
462535241
269238006
1680425576
361817298
526220123
283411092
145815898
153618168
16967682
64751494
48596491
751529379
14924605
46465379
1062651171
767449231
61518485
77378454
1223554981
530416242
1252522426
1233988321
7916952
192910603
629085976
427911459
24617106
27285710
579941289
457508429
18681793
317601503
472626726
4980053
126759419
52334562
119116195
41426859
418313555
3789969
229937599
38121470
663075034
275359382
203425747
28370503
1188421022
419249633
1481055118
6128289
248173203
114176051
92650564
158942259
129874021
40904737
546074579
1110353011
2977798
112972211
66012080
1258265664
331450783
9381182
84509066
36940239
652210867
131800927
22493755
48388071
11185316
674399797
164220243
381451085
78882373
6307751
754146889
615397049
148948489
993638378
47849292
277139931
151905983
88156088
365816570
601097204
735033346
714385574
1591890511
632733690
5672332
7710217
221137282
625911193
181941637
8805269
105946331
17122310
23444251
256050468
512294214
113828088
158086814
328658172
197883353
260803232
137965314
852438384
14381541
1708854218
209751741
304690650
680660452
350479859
152171782
759961255
253978351
566865003
48953724
356504924
45814210
168704378
7135829
107833400
952687612
430106833
213425659
285107358
16707737
26955447
22213169
72386310
162771792
322624935
269806808
11998561
23069802
206900263
67697951
10119421
307880776
1311629751
652940425
1787308904
