17457
760
4931
6210
28570
239
4076
180
148
11805
5313
2220
711
3693
5385
4781
5618
1899
3892
21812
29388
3962
3260
1465
465
2706
5397
2296
12451
961
3173
4958
23207
58846
90
2063
3115
6067
114
3894
8295
266
4221
4402
1808
2172
7036
837
1422
3481
5782
5342
10769
1060
11748
50815
1072
462
271
7697
8867
1325
12213
24
4929
4257
14364
8281
2055
1361
7390
3907
1130
13539
894
1281
3838
297
2191
3792
6392
593
790
484
5249
30306
13316
2272
3531
4407
2147
6775
2219
95
225
280
2287
938
14258
9595
2262
1203
589
1653
938
268
412
174
2652
994
4272
1949
846
1440
23982
7956
3806
1736
595
1814
3787
2540
12262
6862
15801
3
4128
313
5489
5376
1324
40
4351
312
16080
3271
9038
11520
1395
1115
678
2512
10487
16882
1550
4234
6536
9623
4112
30161
39354
2288
249
26271
9279
3678
1926
11059
6522
9928
8309
5618
6017
4730
11970
35164
672
9476
7142
6371
1008
1466
2692
4989
3474
12120
26948
10460
6508
5918
1414
1993
13050
858
2779
4298
982
711
533
1506
11269
1845
3780
8532
4056
23404
5185
28509
8698
14937
2890
2871
5759
18876
2620
161
7942
13218
30971
51954
3923
12692
4332
4315
3494
266
2285
5000
74
1333
5913
2294
1050
3425
576
6303
978
11164
4239
3716
1087
492
2440
373
7290
1774
16223
17085
370
3809
1897
296
3822
13295
9182
5765
7128
3985
1174
6633
11296
8544
6964
24622
23163
693
736
1619
840
8494
1173
19376
35
2164
1022
5804
948
4599
10464
4913
13475
2380
357
468
4947
4378
1137
6645
5107
5223
4988
11422
8416
5740
14124
9432
16828
2338
21003
973
6664
5905
5164
4966
85326
1412
2338
19589
18239
1295
4255
8446
9919
38592
13033
933
24
10005
3196
4107
20114
852
24467
9025
2778
5553
362
9612
5069
11667
936
15004
16639
58824
6244
1066
15738
459
2778
1066
3598
901
6472
2245
2520
6639
1370
2191
5364
1130
5847
18706
9959
151
2069
6613
307
1951
563
1819
1543
24534
5214
372
1244
3422
4286
35996
566
373
2236
4897
2591
5486
3182
3579
6723
519
1093
4148
1541
702
3723
2786
976
10261
2087
23994
7807
8238
37016
3869
26938
906
50591
14593
271
29497
15009
549
3732
2351
25185
795
2738
2636
12194
205
7418
3148
3838
3730
2343
6
10286
37
4654
42006
80
1644
3560
3443
62
4740
502
4187
991
2144
7102
3819
6309
18283
4959
4274
5105
59775
690
18384
6163
6393
4835
4433
921
2025
7101
2395
8664
13632
6190
1005
1293
14354
694
2588
15065
2241
2301
3675
1
5617
4302
6918
10782
10767
260
26949
7551
8142
51405
101
317
4749
5064
3354
46189
3552
2273
3938
16876
3980
3539
1087
551
9177
1057
2388
3507
3271
10116
214
3421
7067
7026
5152
2742
3928
2144
250
2664
4626
1287
7500
4262
2362
3848
955
6985
4280
5377
653
4845
8318
3802
1010
26808
51
2472
2822
1556
3057
2712
4642
2970
1508
2816
2467
3266
3033
2389
4716
12058
2003
4442
2516
3820
8621
211
17724
2510
3367
812
61511
4333
7194
97
5176
9340
1973
78
139
284
397
2848
6757
3790
25005
8837
26825
741
1053
3401
1409
4961
256
11420
7424
3227
9962
12976
545
3134
4578
478
2605
450
1793
84
1627
15093
3082
2298
1344
660
9906
93
1367
10912
424
12317
42151
835
699
12118
8759
3684
2893
13169
790
77
23
1180
5558
7568
47436
847
719
10764
5293
4767
11836
5043
443
49888
2472
48979
12927
3147
1126
1739
5320
1870
350
17082
3052
1658
919
5309
10572
42618
6382
4358
8646
11
1730
34356
43723
5985
3463
16194
57
30370
7015
4511
3353
1604
2177
417
36878
5127
1086
11453
32556
1488
38449
2464
534
31841
807
848
5810
9284
8177
8995
1127
6293
1706
2522
7330
10028
3984
1738
28631
7163
3611
9386
2178
43
2594
1988
3905
51
43958
10586
8901
6265
13164
323
5362
5411
1501
556
608
3433
1784
1558
4891
8087
36229
937
1814
4435
4403
590
821
90
4405
595
8031
13452
5563
26313
1008
8079
316
11133
2345
2728
6278
4040
2910
6398
646
1871
3184
4935
665
18522
50377
15436
3759
5513
2958
2443
2670
227
10872
10195
38043
40051
1104
348
4476
504
1154
2352
8884
278
1040
14647
11390
7344
807
2819
958
29788
2035
38
10197
45
1664
325
5716
16668
25664
378
37637
8727
600
4199
6611
5805
3297
7330
10391
3806
4369
426
19788
17851
486
1424
3643
9758
654
3816
6566
121
931
8407
574
20154
14612
7709
1584
54282
5262
11002
1467
1039
36331
7417
775
1247
10432
9773
6109
5679
4312
1136
230
15174
5756
2035
3787
4053
3611
21021
1214
977
22639
2606
746
8577
2245
926
2205
27697
701
940
6571
7769
2806
15697
732
11548
46502
4506
2744
18858
15662
196
30
2623
1892
24731
2660
32874
992
3306
5769
6838
8953
4682
250
1786
193
52163
8651
13240
1411
629
31761
1983
58804
8024
8112
2680
2648
390
4038
3128
1713
7853
3451
6233
1154
37
21287
3875
8472
2703
4899
12856
2231
4976
4052
1299
2721
32
440
1138
2179
7307
9
16783
11700
2131
6994
29855
2491
9424
514
2702
1217
2236
1839
4335
5529
22185
22308
3562
1561
11595
18370
13773
4890
1992
565
2362
237
12139
7058
42072
14583
52479
2701
4889
3311
1449
5454
837
372
1462
10612
1526
2308
1363
1692
3364
33124
1842
5244
7388
3304
9643
25593
8142
3651
757
3297
17753
176
6148
7366
10891
6409
18151
39733
6840
5255
21224
7976
1034
16324
425
382
1082
2214
10025
65
5448
10505
2151
13233
1903
23058
52422
4803
7182
823
11467
3578
4856
8034
2251
4041
6948
5649
10636
15026
10297
51553
5005
4291
2207
33747
33427
6482
893
8508
4871
3965
8577
326
3890
2707
6457
3408
69
9748
2543
449
5352
7390
7637
18128
14722
4557
1154
2116
4213
10896
300
22
76
590
6997
4782
29460
6452
242
2382
3206
720
13736
26010
5710
4031
9857
3281
185
14445
25684
13055
667
259
8295
11772
5639
15290
18455
1479
2745
3635
522
1395
35794
489
1457
977
9107
883
1880
76
9981
5950
3741
2013
32012
592
938
33313
1807
2050
8492
1454
1564
15433
25951
22696
413
40955
3471
877
7955
9121
3214
961
886
269
1224
50900
4305
918
1797
319
677
98
375
1329
8689
2566
69
5167
30811
19925
2604
20056
610
72
19573
15193
2314
1024
1282
23088
504
85
915
775
585
2944
35105
1821
35070
7697
2789
1048
2342
59817
8112
1860
5951
4757
3657
1022
14471
300
1059
903
5908
4972
3636
1333
5261
5432
4452
1175
2070
4483
8337
6517
10026
6593
7946
2340
3890
4810
5621
5115
444
8784
1305
20777
4110
2665
3268
7024
5878
53
1592
24968
8023
13660
23
435
6392
12637
11016
935
51772
7282
21971
1470
4297
18402
1372
8631
87
6412
374
21637
12977
3105
6511
3246
6734
8829
4784
6549
13099
17609
13462
8272
1005
10550
635
483
1298
2001
4090
964
43963
237
19018
1941
60
8818
6836
3710
5404
208
5358
1432
21827
661
149
3463
3534
23943
2525
154
24662
6427
126
2270
2325
482
6078
2275
11903
2578
12373
862
18759
3447
2964
5791
17099
5149
12988
3776
2501
13620
4843
2090
1426
11167
2719
4004
4932
7646
16008
124
13577
649
4602
5376
8603
647
51
63235
7329
36895
1179
441
5539
23860
11571
3542
18
7261
2656
40780
1003
1695
6204
15
234
2385
408
7609
495
2838
79
3221
13886
3260
6
1374
1825
33
54967
3908
1853
4447
1383
15262
11913
20855
4928
8495
2755
4277
774
17757
2672
9877
3338
5115
1030
1791
11902
5518
2454
1281
997
994
13255
2617
2581
2221
1196
1295
5613
31164
4308
47701
2923
4478
6774
462
34166
137
1478
2734
4071
4404
7537
1196
4258
15588
2615
4239
7611
1557
4572
4295
600
3335
1895
9181
3272
23616
57660
1567
9825
3389
2112
540
20201
1438
3830
296
8922
1337
3207
2990
3592
5341
4520
21743
2923
993
4698
148
1785
3432
43022
1612
905
513
2363
1810
56913
33449
24343
9782
647
11032
12662
728
4323
226
28040
4806
1091
297
10427
173
6588
51225
4447
622
578
6393
19679
22437
2922
7696
1207
763
1216
6819
2946
3126
2396
19269
9603
301
19572
66
3455
3536
1160
3474
2151
30021
1333
1649
16044
4884
857
1299
824
19864
2739
14846
4868
2108
8351
3182
610
1034
281
13330
5934
35919
8201
4374
3695
1678
4178
396
4077
100
776
5005
637
11643
935
9730
1393
1961
6085
34935
3112
554
111
8382
2934
5940
1271
4144
10269
3806
1692
42151
3854
4054
26715
5531
2031
6795
9934
610
39200
2298
9067
748
5009
2856
44
2175
683
2568
1267
3545
32058
4660
83719
5747
23610
53
3
5054
677
2395
10721
10891
9
2851
4957
1463
21
16912
8744
5124
3881
12682
34918
1158
3777
2099
2475
2085
6218
21731
2549
1129
5568
2415
7188
20973
6447
4718
357
2898
3707
6541
12905
10710
12578
6971
3725
2066
2077
12092
424
8016
1373
1208
159
79
7180
8580
16762
1671
80
4705
6496
1118
7381
2897
26906
1985
10372
18886
3135
1919
3121
6734
10657
207
7147
5101
3531
737
45403
574
8969
7329
1108
897
3732
348
7063
72085
6929
117
1428
9595
1716
3385
9057
15716
234
5318
887
2651
6209
7226
111
32859
5702
904
60362
904
5815
10120
2449
35626
3661
1440
6386
2095
88
10973
3266
1379
20064
1925
19935
110
35
1013
624
1087
7079
2884
312
8984
75
528
2623
466
2742
6428
3946
3570
273
7101
9735
23115
6293
49
1082
15442
79
2294
11692
2819
396
5130
13881
4577
2684
104
2111
2108
32173
1885
498
4656
4566
9753
4527
1655
791
39299
6813
13255
15246
13487
3626
387
542
16307
16987
46
2342
3403
7094
5502
2383
9277
3186
1015
877
9456
1890
1370
6699
10968
661
15786
6927
2784
2310
3523
11301
2015
3706
7972
5442
314
464
800
2459
2216
583
3898
7112
26264
16887
12944
13423
4874
4522
497
6716
2942
14104
2239
157
145
3717
17155
365
30746
3035
1342
12203
424
2845
14317
4569
203
4
8973
463
35894
4791
174
3625
3029
891
13858
4165
193
877
2968
6933
72
5891
30336
1876
3890
296
6145
165
1638
3418
6688
240
6438
3662
32093
4224
18236
3597
4302
4433
7346
4006
765
2349
1616
24212
11127
175
4355
2898
4382
37588
26697
9400
4929
3995
3716
105
7985
367
8156
57
4824
3494
7806
389
1644
1640
2945
84
31441
11374
630
5071
3374
1036
33622
8939
1777
1929
16135
11074
1463
16317
7187
850
9530
1320
262
19549
8647
6863
157
409
11157
3354
2200
8220
424
458
1146
1
25129
1229
2734
1918
3407
24215
7886
33421
3227
11077
31663
104
1940
34322
16274
574
428
424
1271
3213
8927
38
6055
2363
4633
2215
1772
1167
3193
5563
2095
5730
1460
93
6258
2369
1668
1124
6443
10552
5793
966
10818
21875
39241
132
7561
1941
8847
12565
42140
7309
2696
26063
24821
3746
10865
807
10035
187
1933
6130
1296
2909
25204
9217
689
360
16712
1826
30505
2445
1682
508
8149
22518
231
7109
322
7684
1573
2508
16954
11637
979
11161
10797
3774
3804
8933
1542
12844
3537
597
3691
28229
5983
481
379
10187
4026
6381
214
8731
911
4299
4608
1396
1525
2157
21277
5020
176
3838
2109
3380
14100
1718
7444
88
40297
40747
13021
8942
7721
160
89
493
53
3050
4224
1962
5847
4932
3003
7638
4858
343
3085
8337
25685
1866
7815
1116
2205
11211
5015
5437
1908
1682
6122
7151
1403
1894
2243
16317
2022
1695
658
5617
24451
5171
5878
685
725
5446
2955
9749
969
1347
1848
12809
7616
5723
1081
1324
137
911
3065
1637
2135
746
22155
16149
3825
11956
19957
12155
1897
6302
921
2308
53929
2325
739
46884
9236
2549
5569
4154
2322
23250
6908
2195
3309
39680
8909
943
235
101
2184
2025
1362
15822
907
2467
12444
7451
5879
271
63741
14425
14
2041
2566
7859
578
6559
122
21573
51
17524
2816
79819
12797
7879
3010
12302
3445
1347
5417
5329
860
276
7176
79
654
4828
2188
12058
10240
2258
257
1857
42988
172
7320
8452
10696
6326
12962
11322
1022
12737
268
13682
1093
1528
7340
106
5797
16814
5483
4787
235
860
575
2431
325
1257
162
10473
3212
289
8074
1289
443
7010
3500
6224
11156
39130
2254
929
4435
789
2938
428
6102
6736
4140
21535
2442
3171
2857
3494
376
15007
7609
1622
3711
16451
5687
621
1103
955
6080
8780
4707
10719
7203
8944
32228
1185
5548
1703
14944
4576
22
34010
5433
1129
1955
5715
942
31301
2645
2961
1598
9207
1645
1904
2527
670
5911
194
1476
625
4131
1437
2301
7352
6323
30082
18352
7183
32993
24186
2669
993
3416
192
872
593
6505
43997
190
785
11228
5027
285
331
1638
2633
1531
3746
5483
1933
3256
20347
4291
4166
3689
5833
1733
16202
3725
21447
14612
300
1402
7971
1372
3222
10429
28679
1236
237
1968
1553
458
6728
2046
15069
2438
5194
162
18252
3168
5880
3685
118
24
774
5240
504
5643
9277
480
20345
8553
3463
6987
3725
1774
1744
4590
306
259
1088
1173
359
398
1065
45
2321
10248
1726
55245
7644
769
2282
17192
3372
20358
605
10779
30029
5172
1247
3042
20965
7163
764
1227
1748
7375
2230
6544
4415
1320
5019
7151
3084
9235
3153
10550
30275
3030
1832
6971
3312
9769
761
21070
2973
1883
7172
9542
249
1616
1264
643
1970
9255
7837
1420
9971
22433
2510
5512
3912
27090
7948
3796
5229
12599
1679
1147
27673
2412
6728
10972
11916
1162
727
690
470
13353
1650
5629
139
3323
6875
14806
6147
348
857
804
9515
1433
62
2
2795
12341
8572
1932
6091
3972
235
2611
5641
1206
3231
19611
347
556
2031
1823
2445
1562
7791
3101
4405
7594
6419
37
3131
4485
1811
790
1484
1064
10376
2108
4140
3790
4306
2851
5702
5127
3638
2242
4854
1709
179
11336
7795
720
3642
1545
5422
3401
7587
1177
2044
9512
30763
8978
5005
6695
18260
1292
1769
2244
8552
17324
10658
24404
1591
13934
11721
3685
2770
12218
17001
6149
1397
21658
4477
1037
2870
755
7152
7
3284
4118
6270
52238
1109
8246
4494
4220
8
278
2924
1151
1198
7393
1031
4215
10229
3475
11872
50697
1902
2338
26487
5875
4471
7709
5454
1230
22998
33599
16573
48737
1483
7833
39
535
538
41
1436
3782
2438
11102
2423
333
1353
1131
8444
7322
78094
184
6426
433
4532
6391
1319
834
7514
1558
154
91
1034
7601
866
33
7262
12002
1766
3752
39856
1204
5397
9372
15046
205
2337
434
15138
14876
6320
29534
7964
7970
4682
29497
416
857
15707
899
13812
520
3026
11561
10495
1084
1525
575
12732
1881
5357
57597
3087
4826
869
276
92
5993
1694
224
14447
235
2307
8232
15829
303
4151
3030
3918
11873
562
4975
43060
22231
1452
11417
40098
562
38
3559
3257
8715
3020
10056
5968
2653
2270
1680
5177
4923
457
156
4194
152
4164
244
5782
1403
4336
4783
1567
756
3536
43913
8186
20101
20864
1417
209
4192
8352
142
40358
5666
1567
1171
4620
7642
28904
1054
21413
2313
1617
6964
1932
170
7084
8520
2908
3036
9033
36596
641
1139
6257
1143
845
1482
7600
38041
12352
6369
939
16360
620
1739
1533
1875
1241
6041
2805
11752
8775
9332
6579
4328
4247
402
10268
11129
3245
1706
4022
12684
885
1360
8537
28178
2696
158
10872
1505
1641
385
242
7305
10320
1459
6514
1803
4121
5179
111
822
1266
4548
2398
1150
28615
4391
1412
11958
5379
10940
513
5637
1508
5890
2082
41993
17003
28773
42809
3514
7446
69
3583
3845
5512
20577
7122
6753
6810
5754
694
16185
10660
16100
7670
6694
62073
1776
126
1948
25
3391
1375
4158
22683
5109
9985
3673
5019
967
2198
944
26697
1425
6
746
1173
4489
1356
9292
7142
28700
15366
1295
620
48610
13897
5211
868
30720
3139
8081
15555
483
4059
7447
40267
6404
12256
2644
1530
116
2185
12629
27558
53175
2285
23610
6168
3164
6615
14233
3608
27636
141
2472
487
16118
16999
20957
1397
206
1959
25778
1005
4096
293
650
653
2394
2286
698
3057
56774
3206
1915
80571
4000
4241
608
1795
7285
4486
37266
13153
4298
7153
3452
742
4602
16495
11097
2612
22296
2994
870
24506
4002
13697
24260
620
9613
974
13030
3276
1612
1615
9399
4085
7422
6124
7797
1933
978
283
2250
60883
1130
6197
2174
17423
1540
9844
83
963
9784
5785
5
75
5780
305
544
4183
2589
6758
11937
650
3398
2195
2553
3238
2320
167
1066
36
8
1786
8818
12445
12564
3641
6284
6392
2284
1356
2326
5278
220
5862
1099
1317
26641
7996
7106
240
970
7078
1613
2109
527
3321
4160
28600
9784
7800
39332
2405
2446
1036
1102
949
56
1307
12874
743
50
9928
757
803
8026
14412
4050
7242
1506
7498
7129
2936
15642
359
22653
2644
15633
11617
13380
4535
41079
1268
910
3132
9474
1184
18730
2551
2375
6431
1554
25
5733
40826
69016
156
348
6958
553
522
7357
1475
2152
3084
3593
384
1975
3991
6423
8624
22664
55829
4285
7776
4800
4446
2720
4786
7821
4163
9657
10114
2944
2224
2092
218
283
7122
853
13777
3076
652
3470
101
2484
4467
29703
3084
2175
28533
12992
11239
6919
716
44100
703
55157
4372
6431
175
18716
7891
20977
189
1447
33691
1502
1986
10883
16714
180
8310
5687
14456
5364
457
1463
113
6318
814
1719
29779
1495
2105
172
10315
2883
37476
2908
6132
8544
1021
4756
843
11711
5800
1779
1217
5437
1225
4448
11821
4264
307
1401
3611
387
58253
1284
5295
6576
22573
8349
3909
5937
4550
160
5971
185
17294
1901
6823
1375
9672
9040
26763
10861
1337
13699
17514
6139
798
21833
1902
1067
149
5690
39
9914
1814
1259
2066
2208
146
4568
9662
81
6440
11153
412
12756
1629
5866
18138
3047
10382
2077
3721
202
20
6037
4807
2491
785
10517
1374
2666
16470
1701
4122
23052
395
2350
8209
141
2187
7546
146
5344
508
3512
351
5334
6146
7170
511
1352
3646
36
2416
13064
1718
1202
94
14642
703
10642
11551
4645
10095
4104
8056
7771
88
15148
239
20807
711
2992
222
7955
16610
1013
17821
12422
381
8881
8761
224
2505
148
5480
5494
1151
22522
39984
3861
11856
1081
2868
6166
2863
6848
3247
17055
155
10148
7278
5607
7052
403
1336
8245
75
1158
2306
23237
1081
3268
13145
9447
4283
12380
50
737
6368
4082
4475
3569
45399
3817
10063
399
5548
552
5472
89
7262
4814
6054
35575
4190
3344
129
3846
11992
6898
8634
8185
3205
9562
2854
2943
61
4290
3521
630
892
1749
14075
298
97
5375
3997
17
2012
3158
1382
9629
1366
14826
836
17521
7831
152
1895
22203
4614
4701
1594
11333
11813
2662
25
114
7337
1220
5600
9
6001
4065
4135
7676
3440
7606
4502
58547
32833
25769
3567
6008
1382
1640
6242
370
6876
9086
15
1098
17530
4024
12242
1214
2364
14474
8705
1179
3727
413
2720
2025
36181
931
2424
3514
23519
2419
198
649
40
2620
413
1592
37
5056
2280
15438
2383
3892
7233
15825
1514
887
387
204
5799
300
22545
3097
4242
8106
19454
10721
1221
2664
1940
11941
6671
874
14740
16802
31050
57252
27657
7316
3913
21334
134
1494
2699
10123
1381
4067
2485
767
5207
128
1666
1019
7817
1472
3044
3316
7947
8150
20947
9
1074
3478
10049
456
1841
5417
286
1870
38438
17220
2053
2306
10810
907
6596
2917
9341
2109
1950
43346
11797
586
3050
3735
8081
35814
374
12357
623
21367
1185
4690
7327
5355
980
1985
6463
396
214
11575
1818
11659
19104
21160
2710
478
6595
4700
381
1897
925
2179
9606
11090
70630
26702
888
518
4439
2561
2348
99
2618
3968
1127
4299
2588
3283
1151
1248
13512
61450
8659
4945
17255
7047
5483
17780
2113
3207
2362
587
57548
4714
2168
3672
2089
2372
5050
6128
5042
66
965
2646
183
19033
1506
7631
2295
43744
4814
15423
24293
305
12887
4486
72
7177
2771
9441
5640
46948
9763
2702
1297
26411
7763
195
3591
18289
2002
3852
383
949
8559
1363
2121
1546
35537
206
2501
3957
5326
1658
191
5930
866
6476
6480
3496
4241
9781
1463
637
712
3260
1238
154
493
6827
1740
2570
9835
3909
4168
7508
1091
18979
17055
41811
483
504
581
57
2422
39054
296
45156
39041
9277
4368
5227
14
4074
10807
16
2408
2191
21423
71
2117
98
1981
138
4521
19055
936
4246
4063
1252
66
1014
8677
24788
2379
1713
6040
18576
21158
7984
2146
3507
8023
2567
4628
4014
1335
24792
6699
1688
1753
9779
16512
1583
27947
15194
8866
15
211
8833
15327
4506
45529
2102
36727
4300
3257
25714
9962
4014
8121
8445
1131
13742
3780
3785
1410
16741
6950
6495
4729
389
826
987
966
2871
4109
7579
1394
1951
1346
42317
2985
10622
6451
20181
23474
1728
68963
1937
20223
1522
9606
16246
2403
3461
25659
1078
2643
1475
11505
2343
1846
1822
7625
17046
448
1844
10995
4607
9413
1114
558
1296
15677
2171
8881
17962
2405
82
7019
1169
12619
1019
1511
217
1595
287
7979
929
8706
7664
585
648
1775
1307
4175
1337
538
5936
12879
63
4227
1579
2907
6951
2793
29924
15758
1024
15628
9725
6254
5730
7506
7277
602
4273
316
33378
4524
1959
19384
273
1680
1324
6194
2363
23473
4559
1416
2149
944
1551
5124
3887
539
9304
9
3879
3809
2797
884
5049
2082
20258
3734
14423
16202
1571
37
381
2343
6358
87989
21
4245
204
6040
3357
1084
2849
5872
4382
7020
41
65
4106
3217
8988
919
35501
638
637
1981
4460
7210
2519
132
1516
1952
3343
133
25121
2240
877
5888
8343
8211
1008
4738
1609
11810
6750
3632
1482
5285
338
8616
14861
3352
18445
22546
7528
1400
1589
4596
10627
16522
9250
4354
7225
6560
8872
1375
43
7063
3734
14087
2285
5723
2824
11966
7252
8693
3004
4962
1488
45
122
4758
5461
961
4506
6955
12522
11465
10189
55
476
1885
269
3708
4241
29042
4549
2610
2785
1534
7929
2622
16538
25867
111
15042
1956
21287
17187
821
80
4418
152
5316
12124
2169
24552
4913
2502
305
10668
1346
1217
14856
6415
8925
5060
10901
2782
9385
5961
3968
908
1369
3383
915
8326
6931
9464
7218
668
2848
10734
6695
729
4947
319
3360
6049
288
277
826
4714
15155
549
23611
6718
8104
10582
3051
1509
6481
1547
41229
7273
995
9366
3531
14241
3487
9578
1616
5352
12218
16763
30427
843
5758
4073
20885
26728
1036
11
4673
1108
11210
2243
372
4937
23759
959
20231
18981
4458
4252
7462
16828
3983
27944
4798
1092
8419
5313
88
4000
8914
39582
924
862
3452
2115
6306
5096
4161
435
4844
12341
3622
705
5226
2694
4860
15493
6033
550
14043
7357
20673
461
4696
4584
10223
25013
4425
15992
15736
1510
704
4757
338
940
28850
1935
2285
189
623
6874
3000
12644
2685
46422
32181
7952
120
23770
2028
1100
375
120
62764
1000
51023
12857
818
3282
1247
4259
4900
24065
37298
232
3327
1117
619
10722
601
4239
659
31059
6989
7830
9092
1362
9852
61
18737
11445
2292
2978
69
10461
66934
471
2847
3396
32468
3993
4119
1037
962
26706
937
2717
6766
9212
50901
38
2433
2126
1147
1004
1684
1357
14144
28827
2365
6874
216
2128
1630
934
2627
9887
1988
159
15551
543
1083
20083
7122
5370
7414
92
285
20591
25809
716
105
1741
4840
17114
1288
14437
12656
6489
4376
625
15212
35417
1245
876
6006
1953
4467
5855
15211
1
2462
4291
3364
42512
2377
9630
2535
8333
4184
4849
2512
1111
28340
18167
8284
65
20848
4432
4374
5579
3691
9829
2181
6499
2893
2135
27736
1860
15
7906
8929
891
22543
889
26891
7518
2194
8819
11976
3168
3218
7015
1119
22696
228
3926
11771
4660
20209
13167
6742
5896
599
811
20383
3
978
12801
1224
187
3163
18713
76
70
30791
6023
4326
14418
19800
40176
3711
472
23
3260
10883
1309
1508
8266
155
1771
133
7639
1342
2662
4856
28582
284
2572
3541
1742
482
25745
25566
7462
1038
73
2096
832
4819
361
935
21745
1418
142
48298
2057
4889
4417
14202
4187
6690
1133
211
1664
656
1033
1577
18808
1101
7310
309
6905
5570
5005
3124
2232
1160
4201
3155
714
30524
693
1309
5935
19276
8568
13544
885
4703
1956
4204
9484
6225
3049
56066
5951
7477
88807
13621
802
404
1858
452
1585
30432
13130
1205
4491
4427
13124
27361
54148
659
17975
9485
20777
2067
5468
289
124
7581
20777
6741
1926
936
33677
9343
6261
1106
11885
654
90
19506
14054
1699
412
41588
1189
30075
390
172
7697
163
577
8598
442
16223
10203
13309
1780
3573
2049
8064
21432
1394
7165
5817
8943
4798
9256
51038
4905
1659
12990
5647
2894
512
1805
18951
37680
6534
4553
7700
800
2204
2299
9313
2803
14468
1119
24913
6741
415
7550
24901
5329
6026
15507
617
1797
48780
1093
3401
3781
1511
11576
13808
7657
494
228
1913
27013
1715
649
2781
2967
22391
5981
4646
10210
4176
2750
7569
6347
120
8563
315
19344
1654
8386
5631
9657
10671
6767
12358
10058
520
22141
21883
3016
3271
239
475
3142
1711
54061
22799
117
269
3439
36659
738
2232
5200
2235
43987
176
21
7849
220
1354
3013
9650
35835
7563
4930
1849
1188
120
42461
1494
862
1405
745
573
26134
5523
898
27652
1132
1038
5015
4398
10636
6581
2576
3048
2478
4700
2163
179
3277
24615
4411
8558
1440
5456
46993
1855
766
6502
3207
2811
8665
10311
26947
10353
6182
3461
11338
3523
2366
1554
5680
228
1512
191
26417
8682
214
6285
8142
5386
399
7113
4447
8438
7421
706
26196
2300
24547
99
62
10999
8839
13610
1808
18864
6965
4835
1503
843
2128
5081
4076
10442
506
643
6752
12745
8771
6997
6524
1887
238
7222
5099
610
1664
11092
9520
894
3508
25341
2879
2332
6134
2525
585
2703
1131
2471
18203
2322
3223
455
8859
23459
13446
4261
1503
2212
6509
10030
6277
13272
5885
4426
3905
47505
373
5786
7183
12957
13418
56583
108
301
5012
2659
96
6623
599
13770
33752
4451
4612
4182
469
2451
4603
915
1086
2846
10798
7682
10702
1207
7003
888
1949
30078
47
825
3166
2835
316
6431
5463
3557
2889
23401
4329
4505
16001
329
19094
3103
6107
1466
2943
2679
9175
1068
873
450
4129
13241
126
630
2591
2456
525
264
721
980
1539
34989
1515
12
428
4811
8464
2052
724
4478
5142
9269
23436
3801
6190
23089
3076
8934
1463
28643
47105
8398
13530
8584
2724
1879
4553
12658
16263
10369
10802
4880
1144
2811
22881
468
5135
22301
17111
4188
919
672
8289
2456
2518
6064
7857
32048
356
6852
6955
6602
2566
5345
11729
1092
468
2192
719
5555
4414
14236
4411
1522
1360
37437
7441
10533
1219
196
137
3628
64
3266
54
845
158
5556
8
346
1037
1398
13383
638
1509
9913
1538
2404
2660
10725
140
3237
7209
8369
4546
6160
1666
3994
7081
1866
5068
2082
407
8613
3541
3945
4827
49
7602
3553
439
192
94
3778
4749
6896
1875
5880
344
14559
32495
8708
29507
12803
181
2312
12834
8370
3446
275
15859
6273
39
15689
18447
2543
11930
1751
6887
3288
8262
3
7347
1541
8068
703
4091
6824
1054
1231
6073
2356
6842
7163
340
1577
14542
5445
5563
3046
1695
6618
51
8060
594
21486
1325
5765
4046
9428
3839
199
7337
10712
17279
829
805
14897
631
9004
9254
199
3028
13841
2102
45153
10782
752
989
2053
2522
3013
1064
788
936
1906
242
7421
3073
7811
5239
20325
2780
857
24028
18931
39
1725
10029
407
13484
30492
2716
417
21288
31301
242
13816
144
29555
8201
372
2807
6734
6155
35564
10939
3918
15726
1727
2618
126
495
3775
17675
12114
19729
673
22846
2909
12625
19288
1860
1545
6685
16069
1229
15544
15
5938
1304
2711
1080
11056
612
3292
3041
7672
4903
936
2228
69
2602
2651
2909
23616
290
1026
12744
3065
3422
25073
11044
9440
3932
8148
11093
1091
829
3918
2930
2006
8157
20428
2265
3935
468
42
8021
16630
5106
2006
1134
1404
8970
26135
414
3961
912
1589
21986
7587
2675
3808
4530
9760
1315
11371
6344
334
8621
5651
1695
6163
3120
2548
55015
16828
1187
11261
4834
9765
871
64
391
3264
7857
26736
93
5104
16003
417
476
8830
787
29704
34525
6379
4542
338
18757
69
1566
5230
7058
5732
885
2803
2590
57
2254
13092
27227
9535
1380
16219
434
1268
4497
1400
591
18058
4771
7531
713
1093
1396
1459
11393
2501
21731
986
953
3032
661
45104
13633
5786
11670
581
106
3033
1857
20993
5198
3597
7975
3742
5568
5453
6298
1778
30039
21244
516
26163
3175
5183
607
15714
11989
4420
16084
2351
14601
28052
112
5783
5224
5821
1741
971
1828
4224
162
5721
2924
540
1996
5687
3936
6008
14035
8193
27414
6322
24333
11174
974
23539
482
249
6322
421
38216
28017
28280
3745
27268
16
124
18034
21276
1866
8911
957
1100
6304
6685
8250
15081
1853
10419
2282
1088
18205
22325
159
10044
11656
14491
9925
9592
34435
1952
6920
3257
45011
18370
1674
2851
6828
351
418
48
3324
1213
1435
1707
11243
7403
3709
1599
4877
3727
8077
6720
11369
82
15427
3724
1929
3342
8546
689
691
23372
1364
2731
11150
35941
18503
3031
4863
41752
5310
1723
1346
5376
4201
5735
1747
354
8262
1263
50801
2236
1499
15209
461
332
6100
11933
2383
3520
2312
1470
2208
102
8028
1212
761
1750
35
3486
14558
30910
39
7634
20225
1519
456
1843
2210
21948
1317
15096
29097
1236
43062
4290
16856
16648
143
12698
34147
17036
1885
5055
11220
308
2809
1512
1774
774
9589
4719
2387
896
438
6756
585
11329
1256
6453
727
75
12482
13182
4076
2644
222
10304
2054
7715
381
6384
4970
295
6665
1656
2381
2340
2878
2766
735
7247
2149
525
739
5261
19554
5592
2004
6198
4878
3393
34278
8876
233
1707
8582
1440
2289
3281
356
2234
11293
14283
3512
9704
3557
4707
6419
80499
15586
1470
1207
2290
7102
8571
1959
52
1101
1994
1544
474
26624
5046
6868
4329
9373
490
893
909
671
834
4111
1360
8383
2092
15612
9443
6085
4263
5047
11314
73
5596
15766
462
756
4490
163
394
68
11
2155
13647
3700
11758
1990
6998
5623
3977
1910
90452
267
3035
11661
14716
8045
4659
1104
1674
28862
7168
7701
6955
13880
1433
20111
14549
4847
2351
7772
9061
2235
365
6671
6504
1739
16535
4794
7535
7007
607
1846
5119
6911
803
176
21641
3366
2283
416
7990
134
20075
32546
1869
222
770
8091
7074
136
29630
3802
3552
4879
197
1342
15
8383
2828
4278
5027
28078
5816
8984
327
6152
2890
937
948
14995
1248
2415
8502
1616
2805
3043
1736
241
6436
4433
5770
5096
2524
5911
3610
1960
295
10692
1441
11115
43045
11314
14321
4339
14733
3452
385
25211
6560
4909
2400
2722
9874
4633
7855
8651
3766
15536
274
10431
2351
1047
2313
2456
7704
2936
5412
4809
1646
2170
151
2831
64304
5219
16735
1835
3627
7137
8610
3674
4551
716
397
3482
1628
1741
5106
25146
323
7112
9978
7848
554
244
2023
11651
3977
235
2906
4658
244
7064
3489
1929
2025
11767
7923
8680
9356
7738
6364
1498
7199
2208
36725
3639
1248
5090
3892
2428
19838
2928
7644
426
444
16
10010
4677
21132
9174
2021
32770
36700
15176
1521
611
7703
2895
5542
4182
556
2233
5711
7923
3122
481
21631
4107
1710
6771
5077
28984
8427
894
799
4084
6001
4656
4179
6795
8081
5305
665
29782
407
29277
4960
8203
4570
5358
5760
584
7318
2171
806
2625
7176
4441
1026
5975
299
1988
4636
1834
2233
639
1100
5234
6910
6740
43
3727
4530
6460
10079
5448
991
1160
64
1589
586
3069
100
323
8092
2524
421
14170
2248
45
257
2790
422
8753
15723
1414
542
3192
180
2551
866
4956
39
2025
3074
107
24180
3012
3379
11324
2984
9328
9754
99
111
1992
276
875
93
7028
7327
8626
1441
5074
584
593
1664
5514
16933
1293
3931
4872
9145
5420
3390
1923
49575
3907
8349
5444
1173
2846
795
603
8544
416
825
3685
8128
292
13399
4365
6005
5236
37067
12663
15021
13884
20796
4289
21021
10692
3094
601
1217
3709
2344
185
2039
2648
24955
1875
3331
19841
3712
6569
200
3937
5213
607
1924
24461
21062
1104
261
436
895
861
2523
741
1959
3131
86
945
10
1311
72
833
1699
10496
17147
4917
28189
28400
1131
38667
1305
456
4944
5758
4869
6494
35
413
2988
11661
12116
3723
440
8467
13411
1670
8957
7978
8298
2144
33993
14281
1703
2096
13522
13724
5981
14211
18739
16698
4935
1722
2622
6905
1296
453
475
2659
3872
1705
4844
3732
2849
480
2550
10188
37556
1204
11866
1587
1254
6172
305
2568
885
13798
36563
15
19942
17056
5884
10
4759
9030
313
3692
1334
33
9333
1696
5868
1718
1836
2253
4178
4407
96
16632
4210
2681
21936
3179
3046
1608
6575
6002
4362
56858
754
12537
1194
1794
26934
308
11653
25378
13641
5
16111
6314
10712
24361
5879
3707
2379
12080
1721
7858
3842
9875
4342
811
612
7673
10450
3578
10606
4313
651
14686
594
5733
15841
4631
7037
1601
2439
10874
21545
523
46907
2341
3312
15857
6080
4915
8240
9059
41
1378
1036
3077
1264
520
1711
5210
741
4002
341
1325
9501
2266
8511
184
15880
1363
5744
1908
9686
12713
19652
4555
6060
2456
2709
35748
8505
9390
529
843
345
5443
10168
1181
1508
3557
295
1074
723
4531
1045
2869
2944
3910
2772
3910
3734
7385
4061
2665
4044
2810
16259
607
1563
32374
26
2015
3645
3523
1310
15696
2001
33411
1840
4278
3772
6870
980
4882
6884
1553
5231
1246
3232
197
4135
1613
2288
6194
22752
13
3230
897
3047
4350
7227
1714
3384
246
2906
2526
4199
4093
723
26862
4133
9436
75
2449
5526
14262
18726
1060
577
7451
1097
3997
21
26084
367
57465
2884
30133
6091
5954
1205
5834
956
5557
14
4439
3198
87
413
7070
836
9362
948
16835
4096
2526
8576
7520
16334
655
2174
370
1593
196
1380
4170
1290
63344
60393
537
9409
31010
217
22164
8005
401
5173
4741
1650
11887
63488
16323
1326
85
3495
399
4479
13115
6102
4298
41
12140
4947
410
23182
5631
1185
4135
2761
2813
60
1713
2302
19073
11032
53
2004
174
12540
2286
258
840
2238
17
2726
1252
622
762
478
555
5629
1724
6974
4958
21426
3828
17
3412
8917
2306
5
14
24468
588
12418
1161
615
2999
90
2012
43831
8452
1009
9079
5838
3418
7628
1531
232
2828
945
2124
5733
3166
78
1457
20213
39558
1160
17156
2158
2949
14136
3154
357
148
5518
17737
11512
17996
12543
8631
5730
5833
298
10666
44031
1288
2625
983
11680
133
9141
3464
5336
280
7194
7850
3488
9798
1285
51
7979
734
6758
17354
1323
5780
235
245
24709
1516
9403
148
415
978
4364
6295
37325
13168
11949
438
6135
37731
3544
2482
2854
3058
13849
53
2804
7174
860
1287
47391
1489
4158
4566
9576
5781
9447
10136
3324
24372
9138
2904
4325
987
4652
361
35535
32318
7075
491
5568
11961
4424
20095
1006
870
1399
8344
14387
3761
7988
262
546
1967
3560
954
9647
9579
3987
7012
14161
4038
15113
7174
10536
18031
35001
6624
2883
5781
47169
3056
10147
2989
2114
633
544
6353
21
3201
940
4377
2537
147
13604
41
25132
1769
4168
201
20335
7120
2089
214
1554
884
41
8347
42709
3060
38137
7129
27268
4564
3469
2178
4782
1659
4259
5113
47249
8456
9113
5181
32691
1518
219
3975
6282
1243
364
2655
9737
37974
6969
5835
4840
10748
736
17
12149
104
602
4567
460
1114
1057
14
515
36610
10157
520
491
9415
2805
28324
2051
39
13553
301
4280
4239
10997
31558
1337
780
829
14039
4327
287
16316
2478
9562
1743
2588
2595
603
6471
4038
2482
13283
9874
8079
4443
2986
4785
10155
124
22678
8324
8498
5541
15028
3228
7452
9001
342
1363
1509
23182
2082
34194
2188
9652
3412
7958
9747
8504
25188
3899
7349
5452
703
7956
5639
13
19990
63
8718
7462
33322
864
6720
7423
128
1734
458
3739
9257
1551
40356
110
2437
17341
8652
2874
48627
205
43502
581
2158
14339
293
192
3055
28047
1598
2542
2457
2566
4436
15536
16852
1152
231
4729
346
19912
2286
1618
8404
5688
715
3185
621
954
3454
1602
1120
1809
2802
8294
3293
34179
4298
75
3805
2111
3298
614
21063
14414
13845
1080
14088
3693
9140
4096
1335
13544
942
44
1869
2510
4747
8355
2073
17448
1388
1469
2481
338
1932
34749
10351
16178
3367
4264
532
6795
4260
48748
2824
17664
2131
1544
13898
12941
1034
10837
239
183
17092
7212
87
13780
2760
4192
10464
947
10369
25553
3107
3804
5265
11
8931
3564
8533
57572
4191
2844
3895
9664
4155
1735
7770
9063
91
7869
2762
7046
7731
1146
5348
1802
196
1231
6977
3607
2245
3875
884
4053
1021
16317
5490
4735
20897
4712
3157
874
4365
4608
2667
26876
7242
15151
14374
3345
861
6743
4814
22682
9690
451
2912
376
8337
9754
31180
12018
1982
17436
220
1105
5913
7806
5819
3450
3315
51
930
514
4885
1548
2520
2852
9311
23526
2089
14920
30218
111
3290
63
210
549
1949
282
379
193
233
1327
5767
908
3318
870
7927
3118
11564
5377
512
1438
123
3128
2954
4916
4190
1019
1835
3316
398
3637
27611
2827
2872
27835
1823
16720
1243
7841
8299
5487
14073
4277
5501
8039
2852
1154
1908
2687
91
3210
7564
2067
1369
11964
352
1063
3592
12304
4965
3290
11018
729
5841
2878
2878
1848
6038
279
1664
481
8317
4298
1597
1178
2320
8494
532
14079
1972
7357
2532
22298
6404
415
8214
4819
1808
20890
3029
947
1859
10712
1365
4009
666
504
661
9191
16234
517
855
6846
12308
666
5036
881
5041
4253
1294
527
1970
8737
213
1141
5358
444
6941
9325
1048
8563
18851
8276
332
5197
23065
1573
6061
2098
16174
9694
3160
339
1392
247
8615
1159
1554
40717
2294
9706
1148
14699
3249
61
5245
13275
4548
1198
32885
6077
1042
3587
915
1103
3806
13352
5210
1803
413
2563
2128
14300
14367
864
1334
1517
13921
1401
20443
6657
8053
21724
15077
839
6555
2121
1369
912
5882
7287
4784
834
13629
511
1137
10108
2177
7195
66031
7561
2308
5342
6014
7994
729
4648
1838
911
904
8833
6666
5440
3273
5672
916
657
354
8714
45
24911
4927
18401
2869
8621
373
8
5321
9
8767
1083
6333
202
962
22114
1151
782
6431
22945
7997
10690
4849
1347
31892
19087
2618
282
1911
1010
1384
14935
7189
378
3285
372
3036
9487
21422
1052
1932
24099
7882
8476
28997
48505
1146
1241
43733
9479
18028
3167
5295
2868
5152
2268
12258
625
4218
4109
2028
4303
8138
11078
1135
53158
2284
3337
442
198
5082
6775
1036
20509
1625
593
108
3383
2878
2775
7609
437
3053
69
16183
633
39153
34067
4572
15122
3132
11076
2857
17
6921
4612
840
20642
5580
2338
980
5582
1072
1315
13865
7315
10900
6726
7731
283
12123
5718
4967
360
1711
6609
136
26346
1469
1863
133
347
1598
1976
2650
6221
2690
305
13409
49
12454
3477
1237
2632
4354
820
2981
53966
228
31002
2278
27289
10004
8523
39058
902
11367
6705
586
8811
23630
9963
6543
8737
4730
5576
89374
902
4260
19087
1644
790
134
3108
2279
5209
188
2001
4253
62
9516
335
633
505
5774
9883
1544
10395
7901
1303
13691
2244
4708
8901
361
4175
2202
30080
9767
1692
1892
31206
15828
2484
2043
5333
581
4892
226
20242
8700
1666
546
2180
2908
15018
3207
4028
14083
2475
1427
14459
2152
3313
18020
16
3997
2316
2199
792
9067
5807
106
14016
11093
3978
5269
2025
185
45823
6183
28
16833
3637
3993
20104
8464
3584
1153
8192
594
881
860
5685
931
6411
3458
13826
57304
6190
5894
5017
28678
227
1400
6231
2365
2208
256
4653
4461
8423
1953
5730
3125
9527
2729
3462
4720
9603
13
4867
2679
5169
4111
4450
3563
3065
21889
1132
19074
4465
1837
3862
348
3394
4510
27772
20742
384
3353
3078
1893
11820
812
862
3721
2241
1067
2989
32954
10776
10007
1171
2604
9700
2752
2379
608
70
2306
5539
32038
16732
12079
29166
23494
384
3246
3118
1921
2048
357
1732
2867
4715
287
3117
34147
17538
3246
3279
3689
460
1434
45
8962
6019
1964
1009
5557
5302
9839
2659
938
178
5326
211
565
2751
2333
5250
19670
8503
9725
3623
1870
4398
1832
19726
6582
5219
9549
4619
1098
1182
2228
3474
4624
4
15905
3754
5362
1987
653
7769
3640
766
873
2264
23514
14019
13263
25747
13296
3410
608
8795
65
3511
1292
10011
3312
3574
28744
1471
1968
13155
5297
631
3371
5405
2988
620
1991
5584
621
3759
57699
2775
28060
1197
744
9090
1638
2968
68603
9467
4910
4448
6401
4193
316
29932
811
12410
2982
493
431
5145
12
621
402
56
339
3171
96
3300
58483
1486
14033
1714
9839
31211
2455
1227
13326
1313
1120
902
7896
2251
6350
1690
5304
12891
10274
24493
5454
19264
43142
3588
3301
6456
2467
1497
175
23157
6214
24292
345
325
79586
206
3095
4295
9845
169
5217
7440
23568
1632
33061
4592
15023
3315
2260
23309
750
7995
1152
3452
387
407
18529
4972
25217
506
8088
428
25839
1490
355
30805
2571
640
184
7435
4410
130
4362
2064
1497
7277
3134
3618
24258
156
8096
5435
2929
2706
15587
21377
4873
287
15638
8609
1355
1622
2143
992
3491
6917
11353
4772
22412
7535
11627
2025
7937
75368
541
573
673
4973
2
155
1020
759
28197
20353
4771
2492
991
863
581
6542
112
1448
4562
4838
7417
1744
3197
38448
1352
2392
8154
3199
651
22563
2049
492
6484
59
7542
480
11304
12363
1469
8416
7388
1419
1095
22582
43765
9513
511
2394
12672
9563
25806
1904
506
21803
3440
8142
1628
103
592
19620
11258
31165
859
10017
6949
40924
2876
1315
4112
937
4502
56019
49
2690
48543
11819
2387
22974
128
11815
12075
7330
14446
18047
5753
10878
21612
6951
2030
1693
816
6944
17585
1968
15057
2264
4129
633
178
285
1161
6232
601
978
5904
9590
974
266
2048
12
6136
7087
2100
6917
1305
2759
52674
12567
4959
2198
324
7013
2701
5242
16381
436
3096
2041
695
6105
4360
39430
983
5002
4226
20887
2473
1448
10226
127
1418
470
4621
1369
4817
1669
2068
7741
106
2073
4014
3609
3435
9852
2758
2021
3632
4239
301
19087
9630
9540
5547
7300
470
7215
3771
8439
6785
6632
1669
7363
1573
6951
36590
14378
28285
5113
513
6686
11329
23678
2768
23878
152
7894
4378
2831
25679
5803
3138
9189
38657
16899
5830
1396
950
38
4015
3210
5550
5502
3174
3206
22832
7198
4512
5852
784
6946
19552
3130
1364
2187
9940
1687
154
49680
411
5034
839
30829
7006
3
745
4045
6728
6945
7988
9923
21520
3068
2581
5451
2383
51
1449
4795
914
1672
1594
1214
5726
3306
3296
8523
18161
4022
2069
309
4309
5340
4969
7520
13241
224
3556
6
10253
2605
109
7150
4576
14010
1899
12118
94
1728
10111
4607
9235
2878
7809
612
8645
29650
8592
8265
963
86
17561
510
7189
1824
1045
1229
893
6538
3805
3982
593
6312
546
10617
21651
8085
7650
5183
5748
10705
23065
16249
10241
77
1452
24831
2258
3248
49569
1672
7778
402
537
28676
3895
1632
7208
5372
10311
883
968
1647
15063
34425
1886
8359
13437
4669
8860
13178
364
1302
14455
9533
3694
3348
3286
1833
26
506
9280
1124
3465
20884
33978
6009
19936
17053
358
2688
7409
6839
3076
5
4959
2226
4051
9540
147
1624
989
9340
54967
7574
4052
2336
6
2461
3892
2221
5904
19181
9076
4879
796
4927
1146
911
1306
279
2360
2331
7870
1737
166
6716
707
527
12740
4037
49
26486
3513
8825
19388
9503
17648
39952
3065
45
16226
6105
2937
10826
7900
336
5102
251
580
1233
2451
2506
386
1317
10994
7761
1438
8471
7289
4187
2832
897
4004
3871
1921
13368
1063
10326
1768
1191
10073
10398
971
3637
14794
1076
6735
1617
27
6764
619
4954
582
1038
9077
6282
29068
2296
110
12741
140
13180
1090
312
1988
23535
28336
2401
1339
683
4966
251
1384
7269
10743
4386
11057
2035
10917
13966
667
873
276
350
489
1156
4788
11668
639
16871
7270
4603
5689
57809
3644
5110
60
27939
5437
8292
343
1910
4959
16471
62458
242
594
18863
11968
5781
1165
3841
375
5005
20794
19516
2530
1155
5412
4923
4758
31203
22503
9909
10498
4385
739
1786
1550
1336
4091
2252
9391
327
116
5574
6482
6275
7959
272
908
1354
9972
2381
25811
147
6234
1344
722
9890
1778
3669
3807
1055
3572
2197
1392
6441
1080
51280
2766
9255
1018
1163
23661
10686
1894
8532
2032
181
5025
6610
767
1865
28719
3332
2750
7213
3114
267
3027
3198
2741
2743
216
32755
208
10368
4175
2047
6208
7585
8804
4352
4571
2483
5456
21615
3181
3348
1134
128
5603
1165
6609
8533
2269
4909
9069
8449
7480
1350
1054
14206
20168
49153
546
5198
21708
203
27744
2579
5175
440
3978
15368
115
30887
1445
64574
27071
16107
1844
1597
3816
30689
21374
537
3212
27684
3379
33002
5019
1842
2779
4368
18607
883
1884
19009
1417
2552
7828
5815
1574
2944
7279
2492
6791
8254
6205
6739
1659
2331
15302
4288
3219
898
527
6533
16835
22744
35854
37425
4825
6209
50161
6267
21305
5005
13547
7988
929
6896
4459
2409
10175
1415
2744
3720
33577
16942
596
378
1504
21521
4249
305
28431
4714
5189
2251
2298
692
17905
5540
2060
9063
524
1887
5822
1037
5977
374
15971
6228
12302
5993
10493
5497
24504
926
5308
4109
10760
1600
25740
4662
4157
496
1051
707
162
8235
2534
427
9708
1287
5841
24873
12486
134
5205
5893
8137
8500
6357
7889
675
81
591
2599
1807
2607
133
6072
6482
3182
10672
20117
481
273
4303
4435
3279
14916
2156
11303
6582
17536
2964
4435
4353
1771
1339
11539
7775
862
18206
10040
3727
27371
2091
1404
3846
3410
363
7526
1017
2442
2456
4674
121
8038
3129
4993
981
4308
1186
49033
2064
250
5959
14731
2463
5881
5183
5224
3423
1727
10526
4922
7479
3
1929
6071
12690
10498
5911
2106
11154
2835
3875
6731
8045
562
5535
21966
4860
4942
2683
6947
1027
7959
6
3532
16337
7021
1043
6975
2846
5062
1164
10278
6255
269
6447
543
14696
2386
2573
678
3279
369
18249
228
2305
12785
21577
3558
12035
1056
1496
2034
1789
7861
492
3977
5074
2957
10188
359
4688
3045
22650
20
21104
12390
1502
2619
15483
5155
13030
595
1574
1075
7692
11583
614
2334
22
1770
283
2989
4948
34300
2428
21108
277
2522
4526
6167
1464
563
6408
8946
4110
1590
541
18560
3889
24062
4789
2100
5159
18371
1899
4764
12054
2687
5074
6992
9533
116
11730
6759
12721
13968
7911
4757
22
4923
35268
43577
31183
7140
5199
5498
1114
6005
1741
1888
599
50
6500
8070
4114
5651
1716
643
561
4760
7827
421
7115
1530
1080
11516
1489
3015
9721
3753
4607
4210
4
9024
14008
1744
3144
713
573
27136
15055
149
1510
636
7201
1384
273
23880
4
4631
7427
1780
1671
914
4972
3452
11804
6889
985
1973
94
3893
7052
612
1060
5395
2274
5350
18940
950
499
1638
20016
395
5304
14230
3061
863
543
5296
263
9813
7772
9338
4310
1573
1927
7915
558
1613
4894
7676
306
778
41651
2975
36136
1746
37405
16741
2821
7352
2654
14136
2805
242
6360
2731
285
104
260
9548
24063
7401
995
214
5844
179
14771
8115
18467
4047
32222
1412
11681
4082
8174
1514
1573
93662
636
15026
1660
43206
12099
135
733
7364
282
7245
343
1918
1406
5054
1071
5151
7853
5115
314
8285
458
6155
27796
3487
3151
2185
2265
5747
491
399
4043
50
836
8006
100
2656
3469
1535
2157
2838
568
2157
35
2031
5877
4158
54978
5245
15403
405
2657
7142
1599
4107
4599
1541
8551
2112
2988
4690
779
136
3817
10484
29843
9141
2928
5846
736
7118
29109
3052
4864
3712
4201
2143
100
172
18800
2823
129
41809
6148
3116
1224
3374
7623
196
36
4754
1222
103
2880
866
2535
20755
3989
5618
647
6892
5796
17
1715
2610
527
595
23825
11822
6809
55203
3874
2544
2251
10886
7916
410
16797
5437
115
32899
117
1856
271
7116
455
650
38906
557
10328
2606
4042
3873
5052
11069
1682
750
25672
12110
205
20775
1154
5368
1358
366
4051
102
1139
3652
3536
18
126
6533
10701
3119
42452
2946
4547
860
6544
7444
2285
11927
665
6229
953
24882
5049
527
54
5344
1419
8639
21340
6987
2084
733
3546
15327
1180
11450
4181
7512
799
8467
577
5472
87756
267
8322
1148
211
245
4334
1126
3075
1698
1514
4801
975
5381
16760
8476
4724
36
94
73639
1276
16604
4983
17987
5525
1586
9388
5553
4515
515
5558
4894
2428
1413
3117
12639
2634
1592
13127
5436
85
1021
20380
32935
2872
5937
72949
21275
16367
7624
757
821
42994
516
42330
239
2534
4071
836
92
1281
6473
4411
1014
7988
39637
5534
5086
6341
2646
3557
3932
7906
13383
17941
6845
997
749
1580
23506
5787
15993
1506
6154
17488
1380
1041
1805
4627
8466
811
2716
6507
1117
5297
162
3342
1149
1442
30399
12774
76913
4556
16143
9074
6944
12487
98
2
7564
15694
942
1090
1583
499
15255
2261
4043
1411
265
120
6421
6790
16477
2282
950
8025
155
7027
3903
368
787
259
5022
3689
20428
9566
2287
555
1869
847
3685
9303
3284
14402
4575
3761
7591
839
12672
5717
7622
1742
5086
7547
581
11609
1330
294
5778
11971
5525
1733
10172
9867
362
9067
4422
12038
1725
1905
2927
14031
27533
7591
4744
289
3803
6127
10471
17275
15823
8794
1788
3948
34785
12044
8010
1918
98
3382
2187
3734
17140
896
577
333
1415
10036
3357
59506
50884
1048
8281
5183
7109
1896
1220
1328
15635
14239
370
10756
8765
4241
2834
19696
556
4805
1588
101
99
3202
2290
4151
2969
10443
1017
20203
3192
4066
201
214
3289
6894
8612
1039
20930
6002
6236
5167
3450
4620
15391
6630
1785
7802
2524
5876
4323
10447
640
19011
6098
1914
23467
3327
1706
3555
408
7100
7756
1404
557
199
7824
833
8046
584
1321
698
2662
4604
2453
161
11366
33989
10554
16740
1087
2038
2431
5001
965
20114
4163
2138
4232
10007
11237
207
1590
1171
3130
1473
578
337
3773
3053
1529
419
1872
34520
802
4315
2835
3964
1311
26360
75
1094
1656
3966
2788
3011
589
3583
30196
4198
3602
10382
72
1336
6120
254
318
1849
12383
2046
920
8189
430
2213
258
11762
16013
5713
2707
2554
6120
453
17597
810
216
6601
3963
2150
10039
8924
2210
6187
913
1773
3887
3730
1256
10551
1771
1418
574
3420
8936
5443
5132
2999
2577
2264
145
7788
12763
23584
1782
739
22085
3749
299
71138
1072
33468
1581
3976
3755
2834
5904
926
10488
1699
12334
7368
4538
7
16674
41411
23659
3969
3665
5005
8656
5988
1148
571
4684
4190
846
1522
1975
4643
5446
387
1409
2956
193
5579
971
4003
9133
4283
2246
169
20758
3556
2865
1309
14280
12401
5745
7092
9008
1124
19143
19850
3283
4322
495
470
674
3808
11556
4835
11003
34
8789
862
4810
121
1701
37036
573
4873
5290
22634
454
3092
2008
12867
3242
1733
22837
2427
2531
1028
1341
1786
11323
2618
9346
3292
7099
5604
2021
1162
8054
125
1287
4251
916
1099
12531
6501
7683
21293
37549
244
316
1307
1054
8082
4066
88
10506
199
22
3011
1909
36
18876
8593
2006
1358
1526
2723
1877
11904
3440
2521
1037
2341
3790
16947
3752
1017
3722
7148
13401
12409
20176
8707
1158
361
15873
10397
2452
1263
8073
12633
6628
841
2264
364
59
18183
1958
482
4740
6348
3553
807
33034
1024
1345
623
1601
1492
490
568
615
3190
355
2086
2952
3355
39286
739
726
9899
398
2945
1130
1719
156
842
1430
125
118
388
9358
4258
21304
147
4626
2266
4092
56293
21370
6576
8652
248
238
3307
7188
9123
4216
608
985
2304
288
1558
367
705
7125
732
12873
3432
615
201
100
2683
7088
11080
10
5610
444
1372
2422
28951
1550
5969
39583
5351
54827
5985
6223
3976
8163
3751
8037
15087
204
5071
8107
5611
174
7208
2756
2504
2767
2978
9730
17768
61
272
1524
2803
3616
81
18203
2174
17982
36
1855
2228
15296
4911
858
6601
35143
1324
10763
3768
10995
1629
2957
31512
5516
925
4189
32969
30928
822
1237
42004
7801
19147
5049
75130
9410
283
97
14695
451
5140
736
342
1042
777
1873
9120
8667
586
8415
11468
1148
4862
1964
2678
18171
3338
540
3945
62701
3554
12940
5762
2474
8118
11044
4359
7023
2046
1029
17836
1967
1400
345
2013
1119
1135
1326
3683
542
3858
144
16171
6840
1663
38299
33075
3073
146
1889
1390
125
7760
689
1044
2333
1835
1892
3288
1269
377
1006
9479
747
432
6253
7462
3166
40015
1141
1615
12269
8627
497
3798
7473
4837
519
63809
52758
2970
32310
49286
1142
25687
9394
24629
4098
10126
1143
316
2
4839
6205
75
3655
222
676
820
1377
15438
914
2326
8338
85
7028
3623
10435
2276
7191
2514
1617
7520
2677
31017
713
63
1282
4790
3205
11829
7841
494
337
1577
1130
6977
4403
1532
572
3938
4456
3432
3251
5697
3525
758
29432
25878
3170
8
5615
290
1770
5777
4978
2251
8299
3129
12507
1085
7
31003
5661
1752
2626
1735
994
151
493
31552
5613
738
1120
769
1816
1697
437
656
6951
2999
1152
960
2933
6766
959
1926
4522
9282
4586
14419
23746
3052
5079
113
2262
8061
11075
6632
5783
10324
10811
1585
2618
636
1655
11721
3467
2144
962
7602
222
54285
4
3324
9734
210
13800
1721
2221
3350
207
10932
6579
1117
21313
31753
3864
397
52893
6285
486
695
4996
2894
1844
10417
211
39
2521
5644
6341
24543
1847
3004
5728
5245
17618
3252
2907
4644
8815
4414
17
1571
2578
10169
10829
564
21666
3156
4165
24445
1030
4591
9583
57829
258
742
10212
4520
7876
72
2847
11236
12539
608
549
6
7622
244
10038
2660
2446
66
1074
57778
1671
3738
8468
3078
20552
3955
40817
7386
17138
1439
35120
88
620
4529
3769
384
72
9064
2950
2403
1100
3233
54
2525
10983
1132
919
2413
371
983
5342
4819
6094
5192
17746
13675
26384
9977
1269
9141
2585
134
13715
11839
21009
335
36360
347
4743
428
1297
2150
15015
13
1527
1342
3814
3294
279
2733
3937
667
4262
20526
4093
6514
4010
12615
1199
2717
166
855
132
10103
6492
4569
2966
6596
9667
1451
26832
4496
8260
512
2537
1046
1282
343
8059
6364
25386
9324
1853
2311
12227
2184
8379
21122
47801
9446
4250
6080
5670
1905
13469
696
10119
6262
2719
886
7498
703
2779
2419
5471
5538
6521
3718
1860
3482
169
975
1124
11824
3804
4067
7110
8366
28174
2514
1208
2867
17313
13614
1102
7169
4713
49
7137
3595
2301
5875
23802
5522
39583
2068
1416
23029
672
1119
6323
10890
4076
1700
2803
23268
302
1483
13011
41731
19056
6057
6711
553
1871
4868
2906
171
3844
9547
24804
17526
3803
527
1538
6202
8186
10911
2658
1493
5021
31048
10194
1948
12415
28062
1338
11461
890
130
1206
1289
559
2726
6918
2872
1195
12091
5935
9702
3972
34140
6658
1036
12649
2881
1548
4544
272
4728
5495
454
524
716
1827
11918
61
6349
11558
1132
5345
3105
1424
2761
7896
2057
18128
2453
2157
12804
3435
6970
7919
2935
277
5492
38
2687
22936
379
114
389
132
4461
23
10551
3544
14924
7596
1561
8358
1903
6442
490
13043
62
4611
2918
6769
6557
2928
765
1924
19173
1808
3391
3486
494
2462
2011
2720
7955
16466
20388
2780
15501
2221
13566
3655
54574
666
2506
3208
7102
5651
1648
2903
11367
4811
2082
3365
60
558
99
15643
4368
180
3380
7494
3442
883
3224
2404
1104
5929
785
5879
14493
62497
1244
4099
766
5025
40637
34399
7128
992
1963
2863
2582
7038
120
10
447
1330
860
22767
4830
2259
2726
82
10675
4557
237
7052
45
11094
452
173
9565
4803
2083
1924
3593
7991
3201
2889
1547
7173
4202
3838
107
11484
3945
102
7558
420
5850
8315
236
1171
1242
2931
13377
1057
466
5109
756
18400
716
19968
3838
5999
1395
1977
12546
1045
1187
7523
474
1878
58616
71
22829
5579
18664
4511
3335
50
1379
2236
1968
1509
155
2843
1526
1017
1930
13699
119
6345
10152
4128
6127
71
3794
10645
1783
6271
5729
7804
3333
29462
60
12651
7793
241
2179
5758
1142
1208
14265
5108
2316
1447
4766
23776
21813
5576
1584
1476
12508
634
11167
6323
69
31376
2183
17991
9580
525
229
2248
8820
1775
2077
258
24311
604
2678
5338
1252
4978
7668
388
365
1012
10566
1117
1260
4748
4875
708
883
12624
12137
8572
2330
328
2163
7399
20013
3232
5628
787
9580
2420
2817
3669
1863
3458
1813
5362
13320
5327
7923
1816
1889
11543
2666
477
15933
2342
2689
491
14564
18316
5923
6001
10158
11834
3641
552
3766
17930
422
17179
1431
640
4580
3943
526
4458
19587
1070
6122
27602
858
6360
26353
223
4910
967
18400
1980
2956
4814
1676
209
43002
4459
107
385
6358
1589
2213
5346
4266
18487
31477
2416
1871
843
7127
277
12545
20553
7218
5749
6323
4110
4937
7910
7875
3355
11352
6390
34132
14037
4760
18052
14333
10092
5075
350
547
152
1344
3265
32727
895
477
27561
552
6231
6498
23533
1309
5001
87
381
1637
3761
7198
1176
15031
15792
3199
802
6863
4608
1191
597
21362
3766
7359
430
10541
1726
615
446
2258
12508
14417
15167
4915
18778
10403
7700
56863
12216
5700
1039
6172
13839
20171
1339
1420
18974
414
160
241
1935
5795
4952
869
4450
2136
12793
2999
4880
1241
