159978680
156472471
48371470
367273732
119618857
943534777
52410247
86816423
24318988
64076035
33240573
244704
156033813
27922786
81871723
465052618
127563348
70555465
180618826
223154663
388788520
148872077
18745341
31379554
293011
119269791
34230797
138516034
45940658
11314919
16411429
1225277
16129253
82405692
223177118
10006120
73984885
140443372
59568152
59966322
300585035
46170145
5750179
224316746
24493705
55994978
48211520
59030606
2904691
38880957
19696242
11192427
19040707
496382206
209946065
56786185
141049661
29180850
184204667
3043102
15464265
14744396
8763780
43005670
10536198
182100458
242790513
137618544
179269882
304140130
47600117
124626929
53312790
21495728
149007339
13209593
48399238
33137610
6969624
242368641
151483947
28041794
75130848
181358057
196323904
181841
67622857
151381746
40301724
78498842
220681909
203984146
34516401
15339976
68139437
74130460
36468282
147242647
164082427
284645007
57169994
18995880
10056203
22709393
548766366
236693795
54259650
97591429
440841828
20205547
4463276
153639825
38412333
86240306
31489809
32760623
277590529
16468259
3916291
58489172
178962696
110869978
26632432
77542632
477290737
23126869
44885258
115987846
227156275
143364885
247951196
120253019
242336543
122081783
56806147
325360385
55083077
222336088
319174108
340047629
2858553
30573804
123886858
4407893
241880501
346071526
21253043
96038592
76721627
60055015
119230021
131223896
374245583
92059086
38772897
7702368
43443656
263645005
230454325
3005313
72610615
57446986
6398575
218159887
18095162
385819408
373486003
299037102
3070937
378892648
178509346
115750056
292460015
93169498
522618817
102312968
201926659
132080812
46551671
28056722
353997560
144678425
46734480
335442
1456962
144457655
133480869
376559941
228130160
252376045
259547048
12022895
7503640
201983634
183379555
7792335
189054648
211565309
45423924
136919153
31103002
129160478
200455748
142928106
129833659
105030911
31003719
466396922
391332115
72928454
494747090
259219834
189406862
190256268
15692921
577328274
46983059
23447025
77201680
35102514
24083252
486194859
714583
82333907
256607187
21060938
5282827
29488380
283330185
193756376
183517272
72042076
72595846
311625167
432668901
213080300
283834390
71616
120940099
400288315
4450720
505502743
278510920
215869356
26918773
69638581
479772633
19613644
82299381
226020614
168325841
77157006
225536107
29497564
37738934
119979429
200057869
1214237
325180484
83612151
513562796
41658242
42206684
202217211
15823751
84095366
140844322
49230374
245515922
181711518
257876753
41057889
21318438
195314563
571116913
277237089
62013905
242630670
252535923
54187530
121489012
57511340
58767659
60221401
229314055
750686
396735220
891478522
10524865
74984373
113699538
50637006
40757732
11570359
55009989
32650418
90699802
50869910
106573609
51178722
70509992
502919802
9937987
122280290
39359958
139043768
135535826
28639229
5481234
6847355
134458575
276228497
139346518
528682461
167494284
34424846
68079855
158041874
372693967
241028198
91677012
24851157
77890087
2998810
283275172
82037288
150786766
554962758
344061163
180584190
332430439
54606540
12476662
8850858
166748825
10606107
204146042
253961404
20899654
211423823
73310014
184887369
57512112
239771599
2251503
194219166
3660678
99988754
14142347
76135233
14378528
16793325
97169485
61535261
173623151
178615776
7382946
235019513
65122772
112585399
55584426
1024241
14005090
37060481
174699096
90127710
11019985
87738669
33564048
175064116
129747654
42483001
27347036
23092851
60366506
150700544
242185612
119751407
36367191
69075602
169778988
2774252
17586250
657271569
115061676
106539894
575698115
56535981
308797904
166053407
3373105
25055600
273789
14952608
41393746
64105255
49913315
36746782
211692995
4213100
137934797
9023666
32145147
62360792
216705456
161023570
63799234
105170670
19672139
353597362
96794065
61045834
22825630
120965957
115032420
12178011
117636980
728382
1286259
33207276
99243001
16262259
17605408
292429782
54126778
13999338
255363976
125529726
216944172
384326040
23488404
30207980
209328603
82439607
24021727
33120405
347993666
657648419
74853029
694355054
43821454
219041117
34244940
461881026
179272325
38978692
412177295
953529993
4364175
275430123
51098701
353226579
216930157
155072101
393175997
39839587
242474593
89711560
439354835
111815822
258653598
300258252
195687589
173780749
37082322
360518480
68721227
8921111
647536717
104950597
28104588
52727465
72971245
121802033
32705470
45587418
194750583
17386840
273043194
3157804
144427838
43668053
12139525
158292461
614404
374389099
221508892
15707496
223363166
14396101
140382951
14055946
32299787
56661996
205690185
19033721
15368789
69809728
24589995
36772278
50546212
132849592
228145896
83970741
13399514
145654661
338172179
64014635
137948264
83641007
1511153
245714991
4584037
15885623
136721601
86420659
57332446
269194921
88190090
26155767
30131916
169668556
309280002
144344798
13019679
44352410
925431534
545938545
95523374
17966270
495456225
76446280
837475270
112248356
23325465
53031890
176467852
69561175
322055697
560893060
90561240
4069991
211042336
13515077
25074471
41933509
126424443
574359649
74873781
144284838
27144975
92747384
351014229
194454048
866194
956819549
51090587
34594399
168817976
253523596
234068550
108191186
256023974
6606610
69148210
436741568
77500035
25371039
174760030
175004491
224959563
176047367
14964007
198753766
319263579
292026653
159670385
304190267
156193337
81993586
13870502
2030433
179515565
20561615
65148043
38515677
59981183
52699892
69769902
152377992
70014425
128010797
314914139
169838082
15593130
477661987
164068149
97703996
23781128
65256975
3326926
5432137
12447433
468414168
18555729
81931440
115879785
254099270
202669982
322324737
243940010
102065232
231057006
348775131
150227534
134484902
56208551
117971262
34823203
459912487
112834149
13029449
284050070
10502631
353747415
28180051
18279096
11460089
27532144
34681618
148342387
21097690
592294388
193682412
121288869
40776564
18023424
227954505
47255625
133897648
163929725
129878072
249016541
106724460
20878798
13232229
62068920
148200254
157011031
79978554
305440880
12628649
10152943
136563817
611014254
92906338
391788388
60472831
272235156
139109946
30618417
173794521
139211178
675806
50818192
32600753
61466918
195678000
87339750
486643300
8830242
7754953
432188
28239560
16732671
77146086
307810273
61182584
103081168
206457951
48051173
9056406
11037943
26942988
397538336
16094689
134495242
371395737
15302341
107356500
73849387
242206439
11794722
553770173
12702051
140835213
249633518
193625884
30450270
184389550
86143665
366908608
153014961
53354766
158403233
45965267
87368507
88434095
24342189
83639238
145045786
45322289
109186017
112878275
43553869
12334729
87815911
685274
306813
85753602
36530808
145932608
418129416
37903280
440141343
105391781
227845906
72083959
92686253
671608263
56968866
381659292
346412333
32567539
92124415
44649980
129556023
123919328
68993920
20396159
48733463
62554548
358652808
15441421
119954547
4963188
174073203
30431045
27400176
109260248
2504788
33602550
800213300
9022327
3350769
5018817
440032140
449828150
221070254
198983681
90074857
68243041
389952488
70892366
87352647
101469610
147227757
132011687
377969917
27014519
87798672
216179973
236849211
52816630
67289281
14589069
321447992
12217409
191883707
246311949
281696807
28054798
90031479
277228370
181899194
150927809
372447022
10784354
213318
40256801
215652394
41172807
11753291
109397314
219503947
213162246
115287329
196062931
55657525
297931233
342742703
37971666
34875939
1916435
102390576
153843367
217676433
16758280
75221525
44456632
28504569
9914680
35807836
357779305
458655079
65175579
179112529
60636262
285095242
137077952
34602766
126443789
62043864
10182808
123301151
522205161
163026310
211012703
30067504
8440863
63507790
173255133
68599703
376848313
60775691
534904654
403690172
141589387
380178592
186371904
52090690
33650014
289100552
49517393
173008812
241041192
27157212
387129213
182199947
176784459
60452144
104700630
181120085
22075273
105093906
227405895
57700939
15901016
42341994
88861683
2034546
8136251
14333788
191707943
58494789
259345051
19766220
389644944
173246563
273191048
136834280
16698796
299414847
80856149
12078158
106220270
91472857
274167166
13467629
282704081
23805325
278126098
4190743
523535149
6653087
139452936
101093059
18831831
228094573
126993283
6776956
304521741
38426647
629307576
3244846
136023867
70441406
75286581
482425437
37804442
27947188
215530497
288029273
463619859
42837413
25431448
1803955
123734470
53083559
47120
143237857
208936697
41311372
346564055
302381954
150048557
18692629
5863028
25258775
26872324
32732366
131750051
121313296
70169070
302192928
82607074
179483708
34622127
63810818
14160067
235354398
297602265
158407111
183618675
133592045
159232951
381813649
75838323
825240984
9075595
8686144
2886505
164543778
110750252
219535431
267678493
205454783
23436909
43294950
57297546
14154
11849590
84239816
9183486
77732149
128501003
4142668
8943060
113574113
128311642
4154860
549993594
241047461
453514869
163886687
448915046
73188775
63721030
34638286
226581270
47854934
6266909
19986391
21887425
550150586
235818067
196353349
88205368
243511788
29643494
335914116
2833028
178732167
5357076
23382811
206075049
18835229
66849240
10340073
310192023
81049498
62926107
840171753
224524359
235088234
98075582
159843160
131017599
4588005
44510851
