558
171
92
583
2202
182
213
776
589
59
12
388
713
588
53
1051
859
48
271
1221
384
385
866
513
389
197
562
360
552
107
1173
742
1522
1535
641
555
524
210
392
772
1147
438
1777
335
492
339
856
5804
56
60
171
293
768
360
2380
209
415
64
728
53
271
3126
512
484
76
357
170
21
387
1835
1182
290
494
41
34
698
136
66
278
8
181
12
56
277
1615
134
262
695
1165
3
299
1647
1657
719
251
525
137
1492
70
274
5367
57
1041
430
14
1295
225
102
234
449
346
12
1099
990
166
7027
129
1513
944
795
323
484
558
159
156
885
436
560
76
238
357
51
369
939
99
61
78
1887
489
1410
6302
508
30
1290
1528
3271
1092
322
14
1686
854
654
2685
347
4
1263
1653
104
1792
6
33
775
153
177
45
346
428
565
528
169
14
112
52
567
21
274
952
163
75
122
62
1052
2651
40
185
1360
120
726
9
430
561
18
81
5684
126
3196
1992
108
45
83
299
1140
347
126
661
569
6618
175
288
1291
41
55
119
1892
18
81
415
98
440
206
1667
305
1142
3703
780
114
20
77
1310
201
487
696
128
164
436
9243
485
504
344
5916
43
983
672
393
92
765
1977
246
413
1736
53
1770
1689
667
189
431
138
168
233
433
190
1106
196
366
65
2071
799
881
570
1884
369
1849
782
447
1064
313
285
5443
216
119
734
639
21
615
109
5632
343
645
1943
19
10
1495
47
267
5626
1096
13
258
619
1006
231
270
473
2183
264
678
262
1191
3771
308
703
4
42
158
1180
3152
431
135
798
4
744
24
514
57
2011
3188
724
397
565
299
38
762
24
3
1396
1101
2131
71
136
23
101
181
12
219
137
883
424
3
95
1359
3017
19
502
39
125
2623
259
1008
773
814
310
576
2962
253
68
219
66
96
18
639
49
193
639
485
10
250
806
2463
523
11
873
81
480
171
933
156
40
263
3
469
429
2
77
425
1197
1362
225
714
359
524
93
309
695
540
31
56
97
144
266
13
83
26
746
1719
501
1017
574
130
3099
88
276
1687
609
175
382
1651
796
737
2316
199
359
182
223
17
667
113
335
28
256
2307
411
1170
164
315
156
243
187
55
31
244
54
526
779
828
368
3060
398
786
615
445
1929
4524
30
1260
435
554
1
255
97
15
302
1026
629
5
368
296
456
610
66
629
157
3364
734
214
680
133
491
136
265
318
879
417
4150
529
1107
2710
659
671
158
2026
7
602
13
20
129
566
121
25
467
303
101
721
3022
74
331
19
1047
42
17
1205
67
7
8408
109
37
27
44
2414
1819
738
6473
1104
459
116
545
318
1381
19
30
12
443
4909
212
99
1867
445
183
596
52
382
1993
505
1580
190
151
6
1424
277
1299
42
263
224
107
2409
1045
53
905
450
207
553
1646
2052
6326
1
179
280
457
1804
139
1949
197
13
860
325
916
22
740
2
350
78
1533
5
1009
180
972
4721
610
2601
85
421
209
877
171
80
196
35
1413
461
8
937
1180
3022
709
114
267
439
25
25
59
58
1334
444
1063
7
256
48
93
898
571
775
29
124
62
271
2237
1733
650
661
39
1995
64
1033
447
280
213
222
1058
47
939
63
699
5070
90
772
412
93
459
692
396
127
466
3681
467
2088
2297
193
865
1287
84
20
1058
603
53
722
4097
1227
1469
717
314
576
670
824
88
3
571
1010
305
610
150
347
675
114
781
207
1134
26
252
458
23
1030
195
1774
121
700
172
1721
149
4
3317
237
43
353
38
12
332
179
666
252
90
390
2488
121
120
692
229
1091
679
2462
267
198
176
2259
2379
365
138
314
447
863
656
1950
261
109
4693
215
227
747
296
1315
4
380
41
74
191
32
652
80
292
1507
634
59
201
26
648
4351
30
63
878
444
16
99
197
226
1256
2329
1499
25
266
519
1059
1078
122
776
277
631
840
3230
206
901
263
314
467
1368
621
33
809
2377
97
1433
219
2045
234
55
1
1575
1129
744
56
13
55
654
64
477
1514
22
3085
1533
37
835
831
722
12
454
1966
723
93
27
188
1533
10
264
849
1
150
891
624
268
666
200
35
139
88
85
831
351
7587
151
1393
608
44
235
271
71
1411
55
815
3635
364
303
256
112
77
767
467
24
5
13
370
196
178
882
598
291
65
434
302
56
372
83
1249
98
343
1736
169
463
229
1
367
338
3241
4967
702
96
611
3690
4436
39
504
888
48
110
531
370
574
3429
496
1631
1499
1
3439
202
237
104
868
744
1582
571
476
1219
504
148
1597
754
1245
1025
2056
726
497
9
5240
4
154
172
102
133
20
66
1106
5487
3715
102
628
143
159
561
625
820
746
18
82
153
2411
742
62
18
885
545
4
401
40
4
298
352
95
530
720
64
112
217
659
1137
80
540
189
101
141
201
86
313
4592
396
207
445
633
148
432
15
43
894
995
45
3313
224
82
432
11
301
196
113
333
1205
