535418615
164601040
252781849
7801361
243623248
236320414
114060356
27269841
312097859
706620
18029746
287890378
35121763
93969009
14912652
502499495
301858434
30639665
533279
138290133
92958901
94165941
187986822
275398106
71594694
74838049
55204501
82600205
65818841
10160228
3435732
105530507
258849476
1000361087
846932301
504051955
1027437176
36312618
18984570
229934544
128330993
2431259
66677133
45913595
112245393
54758501
189055397
61327166
9404572
112534102
33003636
71290647
573566679
136194911
40330320
3243791
101313437
140469265
46144602
415038530
20663866
103084938
97443840
24856498
4262524
727151920
159175884
73098711
345594511
525719860
340283208
57228650
19851185
15761468
143588563
109171753
249507623
474777419
280391923
56902824
61651442
25284907
27769268
10758296
114457652
8610105
742708813
382487003
212519483
3948625
6621206
37576084
125561405
188811647
43203905
1638510
346695327
37544220
132406559
250119213
25295700
9925792
18198155
223522874
65965292
191086245
107594025
57089085
350607499
32533713
188482077
261838245
278668218
406201677
71252937
21288649
124305183
166349856
46352036
5365211
265016092
297238306
37917076
46521141
272287659
498596007
87038348
36035064
10280948
17067113
5638662
2521606
60138611
226231372
70381725
285621372
170113683
164825830
7827894
173430547
156812903
89376030
456131
10917539
11573674
67511262
1050322493
69699845
98365767
67044054
5842455
398059021
279459202
316687997
88805655
303888104
70903993
289888121
120420397
61718000
151614753
28854888
154714244
138844577
604090983
2456929
28082626
206951352
189499168
116901548
107892447
60077389
54420801
386991275
210836288
18267906
16010626
2753375
81510693
92207081
399488872
194287323
9018132
78690077
24373122
20729480
6221827
168318640
1352518665
34094816
1155767239
19937707
156329566
86758881
63692420
24119395
57576711
39796247
9750399
983129
106644979
197750714
199463693
3054689
218469041
3146509
31331445
261986056
189221554
28792748
4320485
97563985
33495344
8968382
62349716
287763266
181510543
73853186
25811237
23881096
8471428
98719611
75388789
1253052995
1126289
10687084
265616481
122540261
98281747
193678194
93909677
41655541
170964645
299418109
115521052
58872072
103557020
142003163
217692888
13614224
194033539
183923462
13102749
215940298
62239072
122514176
89630149
154796193
252458726
87843346
136006212
23448297
86345029
65717760
294432715
216667922
327228841
41085654
349002
4993475
24416429
6558998
9589927
69137583
43102548
43123461
449871408
22074865
230614382
60014424
45043544
236586800
170105074
23704675
107426437
143269986
140551325
662277073
653354427
15410350
502559338
30341092
478704476
153279473
71462462
38053789
113229898
82766227
75200437
85881251
171726810
94495389
143077577
247681140
78658741
56106480
126414080
22355039
202116487
129801002
58924603
195337813
114177724
170795849
68280322
109570109
103969988
8713864
231127174
777963784
430351420
63113499
544619255
42405619
162790986
42181832
224440000
2201209
53311
407935
792758
144753655
43817470
34049459
150499523
21154986
528070191
18346961
31894548
78415375
46253812
565444335
184533293
20060105
492871877
71101470
150901159
73886016
226557345
100047316
54194592
2706009
51431888
254269971
373983388
421394152
168519266
78314901
75243993
73707353
81866343
529258618
12272393
2015498
242467330
43107601
128178844
98752556
41366304
129822517
7509019
20751192
17341468
35349505
26211808
206599138
151783111
1385916
748072517
59889128
35346114
26222414
62303165
425011062
112663400
3555778
58297992
461028746
880666793
106308854
17237006
12126080
101007884
179073493
165927293
201735865
207959508
309636152
106662118
227441565
93330011
192394784
2479020
40584039
4813733
271339864
112029013
110140578
50261588
250566836
47474073
17391357
273783943
17924
223675841
101486726
28430834
40493822
223276938
312621104
797404608
49923587
631703
137484156
4313655
239315547
27694909
1355654
35521373
25618023
95603481
1606666206
18860657
440138940
156441073
287258927
58922882
30976231
8039602
709441960
5912779
171781767
363731508
134564346
510961567
209325315
82786238
44161
23156101
83660135
1358045788
45425898
576605830
197787446
21772175
84707652
7789690
41937838
130311762
102256061
11237952
88301223
46837571
112837525
2324316
90405082
6972249
91847
690507579
585770993
98143121
179621842
380155977
152886428
82947264
472280878
14393111
48523170
428305391
120158186
202870252
155863518
102334103
197532234
11664841
731481469
33287898
11490651
150182605
92589020
49236239
4271888
3110305
92440863
92503446
5359928
252358951
168975412
116362070
244063052
928524501
8055767
197905908
7529763
7668581
83662724
153615867
42834525
287768877
32631803
194238470
19709777
137201029
3655303
193086970
58598491
121414401
358547
79252062
21931219
27607496
73580766
248451937
12456300
230991768
623589407
72415774
128977152
88977215
8880237
56525839
46727907
64008813
295710446
222371386
95785940
2563142
1566855
626692815
64028135
87633605
62678870
27861771
14617326
157844126
166290989
89224630
154336127
487752863
127179178
63126510
107146506
10192019
622765
20484161
518931714
22991997
18173431
110374615
3881193
37444711
7165709
129455630
19710411
240329644
20822869
23274004
30837844
39759412
47190640
15440099
291528681
13357521
183930973
166109289
11832997
120500207
1197305546
14824469
327265570
9263754
190528651
246245744
12136322
120888241
17029202
312847355
29772337
67968068
353825198
68708665
524552763
122276356
34425248
22302970
182611943
5854579
806005863
16405288
214092083
3818749
312051689
146390894
514055085
195832541
55313185
7585417
22228845
291276346
9252411
50243674
101787302
286964532
50156761
31751753
44528760
247905282
1391855986
11102817
16716441
509063768
150418723
35308849
141935837
16429726
3974451
73519130
107683466
760871515
35317470
124608963
60601426
19330951
50746870
45638477
63018954
67282647
19863786
9312700
147250399
17704204
73700749
878471280
32251482
70601893
194065890
93451488
12012732
3428918
62520309
26812520
66875753
449654504
347268331
1499489023
295717606
112467027
62699979
24684779
18749742
477089390
164191317
660208616
13250874
1360649213
5236401
99406349
15515580
14146949
68514097
1257736
2319253
425484359
78579237
680076815
63438329
16746489
308689653
488729712
382580649
25632848
70719405
85406649
53463461
33317256
372406118
65596684
123750770
203393050
35335972
57951226
34550344
273574546
72039360
148207488
128981863
81737612
4363701
155201920
34682608
293034665
118060664
80365202
4449604
14885910
167476850
309608945
121618075
5255462
340826064
125777859
5093698
63997845
95767383
7078464
152309324
30251450
104297140
136759873
464429399
21658466
72552576
41955660
1826637
2832579
77457068
241494478
41039630
26423167
29068822
126786611
11308015
102762200
742864
32228449
79478735
575375028
21391171
139409394
1299033221
19156621
1239084725
100252696
41273093
325018847
24024310
38913047
211400922
25849918
102323813
46165001
378351
20502303
62179908
68715982
13622556
92626115
88908570
6300698
87103013
146471959
46201534
122745080
113751626
1874608
66490244
217501786
2330781
93514613
232560783
81636934
3703971
15051661
40333520
196433811
22553533
129234895
72550896
554693258
136948078
167001635
1499975000
166986542
21101434
160206547
37062874
121804616
121727343
231750143
210914412
42921596
48787065
32348594
5537665
134823237
86833773
126089697
5797638
822771
214321691
50831024
54818159
153841682
16095470
53746381
40051680
13140199
86432029
299021060
3081518
364359520
16432179
144991013
234173465
41858523
37982119
4843947
136433254
10252931
238895400
82018756
100582011
16443269
12482820
26506032
216150847
18949297
22468144
56873215
41803358
473172049
327304884
351321389
277550962
35003642
16784182
116914361
63351867
40543766
1593185
200216568
209251651
1928161
383857056
421383117
201636099
1538668662
85151148
71812137
114988719
891565094
142454332
37662566
340139064
201931492
5295403
111159413
127434274
72347462
134037177
13711662
379480126
47769424
78281457
199484178
216855446
176111111
38290289
13834797
11883269
13420654
431997724
6333761
122412969
346797071
539031199
220080427
270541317
23376458
123281794
167807619
15763394
324999601
7186572
251356895
19487788
65348735
23288471
169664677
989667386
69361609
91988073
1192436840
383518913
52676089
136461905
70503462
124294615
46130557
83185857
109391408
56053130
189424855
2988438
202687181
96721048
5861870
89963221
689588292
526800460
22630993
93560937
123539432
49859905
8490877
165078394
93737908
49979408
54694605
120750834
520439235
53879960
298353124
4393420
66231475
255335522
16506903
29096215
24731283
231765650
130291865
93514949
784499046
115849927
154838115
8189052
17360616
27934445
236267507
1817371
25530206
40552176
39184077
178878351
112674038
21890959
300969632
121731179
1028857021
28960056
91190821
80445906
422855286
78075844
364230772
96140580
100219819
37049563
70051269
244527683
38882999
369695862
1120846392
334736272
558179643
5788473
79032609
189213054
183525667
494855863
139376871
18441353
160210215
145014036
60187911
234450560
188130488
23460621
110256258
9450344
69149099
95486810
271928919
93887447
500952755
47176324
148221999
14005212
100051684
92413106
297552402
61231422
28615045
82155906
108477907
264025755
167248127
245003
244564625
156906648
31958589
185085480
47373506
139887299
1935121
261092277
58817021
239358603
119460312
6500164
